[debug] [2021-03-14T01:16:16.864Z] ----------------------------------------------------------------------
[debug] [2021-03-14T01:16:16.866Z] Command:       /usr/local/bin/node /usr/local/bin/firebase emulators:start
[debug] [2021-03-14T01:16:16.866Z] CLI Version:   9.6.1
[debug] [2021-03-14T01:16:16.866Z] Platform:      darwin
[debug] [2021-03-14T01:16:16.866Z] Node Version:  v14.16.0
[debug] [2021-03-14T01:16:16.867Z] Time:          Sat Mar 13 2021 18:16:16 GMT-0700 (Mountain Standard Time)
[debug] [2021-03-14T01:16:16.867Z] ----------------------------------------------------------------------
[debug] [2021-03-14T01:16:16.867Z] 
[debug] [2021-03-14T01:16:16.871Z] > command requires scopes: ["email","openid","https://www.googleapis.com/auth/cloudplatformprojects.readonly","https://www.googleapis.com/auth/firebase","https://www.googleapis.com/auth/cloud-platform"]
[debug] [2021-03-14T01:16:16.871Z] > authorizing via signed-in user
[info] i  emulators: Starting emulators: functions, database, hosting {"metadata":{"emulator":{"name":"hub"},"message":"Starting emulators: functions, database, hosting"}}
[debug] [2021-03-14T01:16:16.885Z] [hub] writing locator at /var/folders/lc/dxxr902x4jn_lzh8_qqwx66r0000gp/T/hub-boost-ctrl.json
[warn] ⚠  functions: The following emulators are not running, calls to these services from the Functions emulator will affect production: auth, firestore, pubsub {"metadata":{"emulator":{"name":"functions"},"message":"The following emulators are not running, calls to these services from the Functions emulator will affect production: \u001b[1mauth, firestore, pubsub\u001b[22m"}}
[warn] ⚠  Your requested "node" version "12" doesn't match your global version "14" {"metadata":{"emulator":{"name":"functions"},"message":"Your requested \"node\" version \"12\" doesn't match your global version \"14\""}}
[debug] [2021-03-14T01:16:16.914Z] defaultcredentials: writing to file /Users/zac/.config/firebase/boostctrlapp_gmail_com_application_default_credentials.json
[debug] [2021-03-14T01:16:16.917Z] Setting GAC to /Users/zac/.config/firebase/boostctrlapp_gmail_com_application_default_credentials.json {"metadata":{"emulator":{"name":"functions"},"message":"Setting GAC to /Users/zac/.config/firebase/boostctrlapp_gmail_com_application_default_credentials.json"}}
[debug] [2021-03-14T01:16:16.919Z] >>> [apiv2][query] GET https://firebase.googleapis.com/v1beta1/projects/boost-ctrl/adminSdkConfig [none]
[debug] [2021-03-14T01:16:17.129Z] <<< [apiv2][status] GET https://firebase.googleapis.com/v1beta1/projects/boost-ctrl/adminSdkConfig 200
[debug] [2021-03-14T01:16:17.129Z] <<< [apiv2][body] GET https://firebase.googleapis.com/v1beta1/projects/boost-ctrl/adminSdkConfig {"projectId":"boost-ctrl","databaseURL":"https://boost-ctrl.firebaseio.com","storageBucket":"boost-ctrl.appspot.com","locationId":"us-central"}
[debug] [2021-03-14T01:16:17.165Z] >>> [apiv2][query] GET https://firebase.googleapis.com/v1beta1/projects/boost-ctrl [none]
[debug] [2021-03-14T01:16:17.574Z] <<< [apiv2][status] GET https://firebase.googleapis.com/v1beta1/projects/boost-ctrl 200
[debug] [2021-03-14T01:16:17.574Z] <<< [apiv2][body] GET https://firebase.googleapis.com/v1beta1/projects/boost-ctrl {"projectId":"boost-ctrl","projectNumber":"518843925041","displayName":"Boost ctRL","name":"projects/boost-ctrl","resources":{"hostingSite":"boost-ctrl","realtimeDatabaseInstance":"boost-ctrl","storageBucket":"boost-ctrl.appspot.com","locationId":"us-central"},"state":"ACTIVE"}
[debug] [2021-03-14T01:16:17.575Z] database rules config:  [{"instance":"boost-ctrl","rules":"/Users/zac/Development/Personal/Boost-ctRL/database.rules.json"}]
[debug] [2021-03-14T01:16:17.578Z] Ignoring unsupported arg: projectId {"metadata":{"emulator":{"name":"database"},"message":"Ignoring unsupported arg: projectId"}}
[debug] [2021-03-14T01:16:17.578Z] Ignoring unsupported arg: auto_download {"metadata":{"emulator":{"name":"database"},"message":"Ignoring unsupported arg: auto_download"}}
[debug] [2021-03-14T01:16:17.578Z] Ignoring unsupported arg: rules {"metadata":{"emulator":{"name":"database"},"message":"Ignoring unsupported arg: rules"}}
[debug] [2021-03-14T01:16:17.578Z] Starting Database Emulator with command {"binary":"java","args":["-Duser.language=en","-jar","/Users/zac/.cache/firebase/emulators/firebase-database-emulator-v4.7.2.jar","--host","localhost","--port",9000,"--functions_emulator_host","localhost","--functions_emulator_port",5001],"optionalArgs":["port","host","functions_emulator_port","functions_emulator_host"],"joinArgs":false} {"metadata":{"emulator":{"name":"database"},"message":"Starting Database Emulator with command {\"binary\":\"java\",\"args\":[\"-Duser.language=en\",\"-jar\",\"/Users/zac/.cache/firebase/emulators/firebase-database-emulator-v4.7.2.jar\",\"--host\",\"localhost\",\"--port\",9000,\"--functions_emulator_host\",\"localhost\",\"--functions_emulator_port\",5001],\"optionalArgs\":[\"port\",\"host\",\"functions_emulator_port\",\"functions_emulator_host\"],\"joinArgs\":false}"}}
[info] i  database: Database Emulator logging to database-debug.log {"metadata":{"emulator":{"name":"database"},"message":"Database Emulator logging to \u001b[1mdatabase-debug.log\u001b[22m"}}
[debug] [2021-03-14T01:16:18.303Z] WARNING: An illegal reflective access operation has occurred
WARNING: Illegal reflective access by io.netty.util.internal.ReflectionUtil (file:/Users/zac/.cache/firebase/emulators/firebase-database-emulator-v4.7.2.jar) to field sun.nio.ch.SelectorImpl.selectedKeys
WARNING: Please consider reporting this to the maintainers of io.netty.util.internal.ReflectionUtil
WARNING: Use --illegal-access=warn to enable warnings of further illegal reflective access operations
WARNING: All illegal access operations will be denied in a future release
 {"metadata":{"emulator":{"name":"database"},"message":"WARNING: An illegal reflective access operation has occurred\nWARNING: Illegal reflective access by io.netty.util.internal.ReflectionUtil (file:/Users/zac/.cache/firebase/emulators/firebase-database-emulator-v4.7.2.jar) to field sun.nio.ch.SelectorImpl.selectedKeys\nWARNING: Please consider reporting this to the maintainers of io.netty.util.internal.ReflectionUtil\nWARNING: Use --illegal-access=warn to enable warnings of further illegal reflective access operations\nWARNING: All illegal access operations will be denied in a future release\n"}}
[debug] [2021-03-14T01:16:19.062Z] 18:16:19.060 [NamespaceSystem-akka.actor.default-dispatcher-4] INFO akka.event.slf4j.Slf4jLogger - Slf4jLogger started
 {"metadata":{"emulator":{"name":"database"},"message":"18:16:19.060 [NamespaceSystem-akka.actor.default-dispatcher-4] INFO akka.event.slf4j.Slf4jLogger - Slf4jLogger started\n"}}
[debug] [2021-03-14T01:16:19.190Z] 18:16:19.189 [main] INFO com.firebase.server.forge.App$ - Listening at localhost:9000
 {"metadata":{"emulator":{"name":"database"},"message":"18:16:19.189 [main] INFO com.firebase.server.forge.App$ - Listening at localhost:9000\n"}}
[debug] [2021-03-14T01:16:19.367Z] >>> [apiv2][query] GET https://firebase.googleapis.com/v1beta1/projects/boost-ctrl/webApps/-/config [none]
[debug] [2021-03-14T01:16:19.600Z] <<< [apiv2][status] GET https://firebase.googleapis.com/v1beta1/projects/boost-ctrl/webApps/-/config 200
[debug] [2021-03-14T01:16:19.600Z] <<< [apiv2][body] GET https://firebase.googleapis.com/v1beta1/projects/boost-ctrl/webApps/-/config {"projectId":"boost-ctrl","databaseURL":"https://boost-ctrl.firebaseio.com","storageBucket":"boost-ctrl.appspot.com","locationId":"us-central","apiKey":"AIzaSyDP3yo4ezfDyhYlX177ZPq7RlkIA-R_zQI","authDomain":"boost-ctrl.firebaseapp.com","messagingSenderId":"518843925041"}
[info] i  hosting: Serving hosting files from: public {"metadata":{"emulator":{"name":"hosting"},"message":"Serving hosting files from: \u001b[1mpublic\u001b[22m"}}
[info] ✔  hosting: Local server: http://localhost:5000 {"metadata":{"emulator":{"name":"hosting"},"message":"Local server: \u001b[4m\u001b[1mhttp://localhost:5000\u001b[22m\u001b[24m"}}
[debug] [2021-03-14T01:16:19.648Z] Ignoring unsupported arg: auto_download {"metadata":{"emulator":{"name":"ui"},"message":"Ignoring unsupported arg: auto_download"}}
[debug] [2021-03-14T01:16:19.649Z] Ignoring unsupported arg: port {"metadata":{"emulator":{"name":"ui"},"message":"Ignoring unsupported arg: port"}}
[debug] [2021-03-14T01:16:19.649Z] Starting Emulator UI with command {"binary":"node","args":["/Users/zac/.cache/firebase/emulators/ui-v1.4.2/server.bundle.js"],"optionalArgs":[],"joinArgs":false} {"metadata":{"emulator":{"name":"ui"},"message":"Starting Emulator UI with command {\"binary\":\"node\",\"args\":[\"/Users/zac/.cache/firebase/emulators/ui-v1.4.2/server.bundle.js\"],\"optionalArgs\":[],\"joinArgs\":false}"}}
[info] i  ui: Emulator UI logging to ui-debug.log {"metadata":{"emulator":{"name":"ui"},"message":"Emulator UI logging to \u001b[1mui-debug.log\u001b[22m"}}
[debug] [2021-03-14T01:16:19.734Z] Web / API server started at http://localhost:4000
 {"metadata":{"emulator":{"name":"ui"},"message":"Web / API server started at http://localhost:4000\n"}}
[info] i  functions: Watching "/Users/zac/Development/Personal/Boost-ctRL/functions" for Cloud Functions... {"metadata":{"emulator":{"name":"functions"},"message":"Watching \"/Users/zac/Development/Personal/Boost-ctRL/functions\" for Cloud Functions..."}}
[debug] [2021-03-14T01:16:19.918Z] [worker-pool] addWorker(~diagnostic~) {"metadata":{"emulator":{"name":"functions"},"message":"[worker-pool] addWorker(~diagnostic~)"}}
[debug] [2021-03-14T01:16:19.918Z] [worker-pool] Adding worker with key ~diagnostic~, total=1 {"metadata":{"emulator":{"name":"functions"},"message":"[worker-pool] Adding worker with key ~diagnostic~, total=1"}}
[debug] [2021-03-14T01:16:19.918Z] [worker-pool] submitWork(triggerId=) {"metadata":{"emulator":{"name":"functions"},"message":"[worker-pool] submitWork(triggerId=)"}}
[debug] [2021-03-14T01:16:19.919Z] [worker-~diagnostic~-e8270cd2-072b-4491-96d7-ac9d7c4e0c9e]: Assigning socketPath: /var/folders/lc/dxxr902x4jn_lzh8_qqwx66r0000gp/T/fire_emu_6356.sock {"metadata":{"emulator":{"name":"functions"},"message":"[worker-~diagnostic~-e8270cd2-072b-4491-96d7-ac9d7c4e0c9e]: Assigning socketPath: /var/folders/lc/dxxr902x4jn_lzh8_qqwx66r0000gp/T/fire_emu_6356.sock"}}
[debug] [2021-03-14T01:16:19.919Z] [worker-~diagnostic~-e8270cd2-072b-4491-96d7-ac9d7c4e0c9e]: BUSY {"metadata":{"emulator":{"name":"functions"},"message":"[worker-~diagnostic~-e8270cd2-072b-4491-96d7-ac9d7c4e0c9e]: BUSY"}}
[debug] [2021-03-14T01:16:20.040Z] [runtime-status] [6356] Functions runtime initialized. {"cwd":"/Users/zac/Development/Personal/Boost-ctRL/functions","node_version":"14.16.0"} {"metadata":{"emulator":{"name":"functions"},"message":"[runtime-status] [6356] Functions runtime initialized. {\"cwd\":\"/Users/zac/Development/Personal/Boost-ctRL/functions\",\"node_version\":\"14.16.0\"}"}}
[debug] [2021-03-14T01:16:20.041Z] [runtime-status] [6356] Disabled runtime features: undefined {"metadata":{"emulator":{"name":"functions"},"message":"[runtime-status] [6356] Disabled runtime features: undefined"}}
[debug] [2021-03-14T01:16:20.042Z] [runtime-status] [6356] Resolved module firebase-admin {"declared":true,"installed":true,"version":"9.5.0","resolution":"/Users/zac/Development/Personal/Boost-ctRL/functions/node_modules/firebase-admin/lib/index.js"} {"metadata":{"emulator":{"name":"functions"},"message":"[runtime-status] [6356] Resolved module firebase-admin {\"declared\":true,\"installed\":true,\"version\":\"9.5.0\",\"resolution\":\"/Users/zac/Development/Personal/Boost-ctRL/functions/node_modules/firebase-admin/lib/index.js\"}"}}
[debug] [2021-03-14T01:16:20.043Z] [runtime-status] [6356] Resolved module firebase-functions {"declared":true,"installed":true,"version":"3.13.2","resolution":"/Users/zac/Development/Personal/Boost-ctRL/functions/node_modules/firebase-functions/lib/index.js"} {"metadata":{"emulator":{"name":"functions"},"message":"[runtime-status] [6356] Resolved module firebase-functions {\"declared\":true,\"installed\":true,\"version\":\"3.13.2\",\"resolution\":\"/Users/zac/Development/Personal/Boost-ctRL/functions/node_modules/firebase-functions/lib/index.js\"}"}}
[debug] [2021-03-14T01:16:20.044Z] [runtime-status] [6356] Found local functions config: /Users/zac/Development/Personal/Boost-ctRL/functions/.runtimeconfig.json {"metadata":{"emulator":{"name":"functions"},"message":"[runtime-status] [6356] Found local functions config: /Users/zac/Development/Personal/Boost-ctRL/functions/.runtimeconfig.json"}}
[debug] [2021-03-14T01:16:20.045Z] [runtime-status] [6356] Resolved module firebase-functions {"declared":true,"installed":true,"version":"3.13.2","resolution":"/Users/zac/Development/Personal/Boost-ctRL/functions/node_modules/firebase-functions/lib/index.js"} {"metadata":{"emulator":{"name":"functions"},"message":"[runtime-status] [6356] Resolved module firebase-functions {\"declared\":true,\"installed\":true,\"version\":\"3.13.2\",\"resolution\":\"/Users/zac/Development/Personal/Boost-ctRL/functions/node_modules/firebase-functions/lib/index.js\"}"}}
[debug] [2021-03-14T01:16:20.047Z] [runtime-status] [6356] Outgoing network have been stubbed. [{"name":"http","status":"mocked"},{"name":"http","status":"mocked"},{"name":"https","status":"mocked"},{"name":"https","status":"mocked"},{"name":"net","status":"mocked"}] {"metadata":{"emulator":{"name":"functions"},"message":"[runtime-status] [6356] Outgoing network have been stubbed. [{\"name\":\"http\",\"status\":\"mocked\"},{\"name\":\"http\",\"status\":\"mocked\"},{\"name\":\"https\",\"status\":\"mocked\"},{\"name\":\"https\",\"status\":\"mocked\"},{\"name\":\"net\",\"status\":\"mocked\"}]"}}
[debug] [2021-03-14T01:16:20.047Z] [runtime-status] [6356] Resolved module firebase-functions {"declared":true,"installed":true,"version":"3.13.2","resolution":"/Users/zac/Development/Personal/Boost-ctRL/functions/node_modules/firebase-functions/lib/index.js"} {"metadata":{"emulator":{"name":"functions"},"message":"[runtime-status] [6356] Resolved module firebase-functions {\"declared\":true,\"installed\":true,\"version\":\"3.13.2\",\"resolution\":\"/Users/zac/Development/Personal/Boost-ctRL/functions/node_modules/firebase-functions/lib/index.js\"}"}}
[debug] [2021-03-14T01:16:20.073Z] [runtime-status] [6356] Checked functions.config() {"config":{"pandascore":{"key":"VkY465swOTJhq0slSoTWQYk5J2mIKua7TMyHF7J_8Tz2_6EE-jc"}}} {"metadata":{"emulator":{"name":"functions"},"message":"[runtime-status] [6356] Checked functions.config() {\"config\":{\"pandascore\":{\"key\":\"VkY465swOTJhq0slSoTWQYk5J2mIKua7TMyHF7J_8Tz2_6EE-jc\"}}}"}}
[debug] [2021-03-14T01:16:20.073Z] [runtime-status] [6356] firebase-functions has been stubbed. {"functionsResolution":{"declared":true,"installed":true,"version":"3.13.2","resolution":"/Users/zac/Development/Personal/Boost-ctRL/functions/node_modules/firebase-functions/lib/index.js"}} {"metadata":{"emulator":{"name":"functions"},"message":"[runtime-status] [6356] firebase-functions has been stubbed. {\"functionsResolution\":{\"declared\":true,\"installed\":true,\"version\":\"3.13.2\",\"resolution\":\"/Users/zac/Development/Personal/Boost-ctRL/functions/node_modules/firebase-functions/lib/index.js\"}}"}}
[debug] [2021-03-14T01:16:20.073Z] [runtime-status] [6356] Resolved module firebase-functions {"declared":true,"installed":true,"version":"3.13.2","resolution":"/Users/zac/Development/Personal/Boost-ctRL/functions/node_modules/firebase-functions/lib/index.js"} {"metadata":{"emulator":{"name":"functions"},"message":"[runtime-status] [6356] Resolved module firebase-functions {\"declared\":true,\"installed\":true,\"version\":\"3.13.2\",\"resolution\":\"/Users/zac/Development/Personal/Boost-ctRL/functions/node_modules/firebase-functions/lib/index.js\"}"}}
[debug] [2021-03-14T01:16:20.074Z] [runtime-status] [6356] Resolved module firebase-admin {"declared":true,"installed":true,"version":"9.5.0","resolution":"/Users/zac/Development/Personal/Boost-ctRL/functions/node_modules/firebase-admin/lib/index.js"} {"metadata":{"emulator":{"name":"functions"},"message":"[runtime-status] [6356] Resolved module firebase-admin {\"declared\":true,\"installed\":true,\"version\":\"9.5.0\",\"resolution\":\"/Users/zac/Development/Personal/Boost-ctRL/functions/node_modules/firebase-admin/lib/index.js\"}"}}
[debug] [2021-03-14T01:16:20.074Z] [runtime-status] [6356] Resolved module firebase-functions {"declared":true,"installed":true,"version":"3.13.2","resolution":"/Users/zac/Development/Personal/Boost-ctRL/functions/node_modules/firebase-functions/lib/index.js"} {"metadata":{"emulator":{"name":"functions"},"message":"[runtime-status] [6356] Resolved module firebase-functions {\"declared\":true,\"installed\":true,\"version\":\"3.13.2\",\"resolution\":\"/Users/zac/Development/Personal/Boost-ctRL/functions/node_modules/firebase-functions/lib/index.js\"}"}}
[debug] [2021-03-14T01:16:20.074Z] [runtime-status] [6356] firebase-admin has been stubbed. {"adminResolution":{"declared":true,"installed":true,"version":"9.5.0","resolution":"/Users/zac/Development/Personal/Boost-ctRL/functions/node_modules/firebase-admin/lib/index.js"}} {"metadata":{"emulator":{"name":"functions"},"message":"[runtime-status] [6356] firebase-admin has been stubbed. {\"adminResolution\":{\"declared\":true,\"installed\":true,\"version\":\"9.5.0\",\"resolution\":\"/Users/zac/Development/Personal/Boost-ctRL/functions/node_modules/firebase-admin/lib/index.js\"}}"}}
[warn] ⚠  It looks like you're trying to access functions.config().firebase but there is no value there. You can learn more about setting up config here: https://firebase.google.com/docs/functions/local-emulator {"metadata":{"emulator":{"name":"functions"},"message":"It looks like you're trying to access functions.config().firebase but there is no value there. You can learn more about setting up config here: https://firebase.google.com/docs/functions/local-emulator"}}
[debug] [2021-03-14T01:16:20.095Z] [runtime-status] [6356] initializeApp(DEFAULT) {"storageBucket":"boost-ctrl.appspot.com","databaseURL":"http://localhost:9000/?ns=boost-ctrl","projectId":"boost-ctrl"} {"metadata":{"emulator":{"name":"functions"},"message":"[runtime-status] [6356] initializeApp(DEFAULT) {\"storageBucket\":\"boost-ctrl.appspot.com\",\"databaseURL\":\"http://localhost:9000/?ns=boost-ctrl\",\"projectId\":\"boost-ctrl\"}"}}
[info] ✔  functions[fetchLeaguesWithoutCache]: http function initialized (http://localhost:5001/boost-ctrl/us-central1/fetchLeaguesWithoutCache). {"metadata":{"emulator":{"name":"functions"},"message":"\u001b[1mhttp\u001b[22m function initialized (http://localhost:5001/boost-ctrl/us-central1/fetchLeaguesWithoutCache)."}}
[info] ✔  functions[getLeagues]: http function initialized (http://localhost:5001/boost-ctrl/us-central1/getLeagues). {"metadata":{"emulator":{"name":"functions"},"message":"\u001b[1mhttp\u001b[22m function initialized (http://localhost:5001/boost-ctrl/us-central1/getLeagues)."}}
[debug] [2021-03-14T01:16:20.097Z] >>> HTTP REQUEST PUT http://localhost:9000/.settings/rules.json?ns=boost-ctrl  
 {
  "rules": {
    ".read": true,
    ".write": true,
  }
}
[debug] [2021-03-14T01:16:20.098Z] [worker-~diagnostic~-e8270cd2-072b-4491-96d7-ac9d7c4e0c9e]: IDLE {"metadata":{"emulator":{"name":"functions"},"message":"[worker-~diagnostic~-e8270cd2-072b-4491-96d7-ac9d7c4e0c9e]: IDLE"}}
[debug] [2021-03-14T01:16:20.388Z] <<< HTTP RESPONSE 200 {"content-length":"15","content-type":"application/json; charset=utf-8","access-control-allow-origin":"*","cache-control":"no-cache","x-firebase-project-id":"boost-ctrl","x-firebase-project-number":"123456789","x-firebase-uuid":"c7b0ac3c-e40a-4baf-828d-6871238d2f98"}
[info] 
┌─────────────────────────────────────────────────────────────┐
│ ✔  All emulators ready! It is now safe to connect your app. │
│ i  View Emulator UI at http://localhost:4000                │
└─────────────────────────────────────────────────────────────┘

┌───────────┬────────────────┬─────────────────────────────────┐
│ Emulator  │ Host:Port      │ View in Emulator UI             │
├───────────┼────────────────┼─────────────────────────────────┤
│ Functions │ localhost:5001 │ http://localhost:4000/functions │
├───────────┼────────────────┼─────────────────────────────────┤
│ Database  │ localhost:9000 │ http://localhost:4000/database  │
├───────────┼────────────────┼─────────────────────────────────┤
│ Hosting   │ localhost:5000 │ n/a                             │
└───────────┴────────────────┴─────────────────────────────────┘
  Emulator Hub running at localhost:4400
  Other reserved ports: 4500

Issues? Report them at https://github.com/firebase/firebase-tools/issues and attach the *-debug.log files.
 
[debug] [2021-03-14T01:18:26.129Z] [work-queue] {"queueLength":1,"workRunningCount":0}
[debug] [2021-03-14T01:18:26.130Z] [work-queue] {"queueLength":0,"workRunningCount":1}
[debug] [2021-03-14T01:18:26.130Z] Accepted request GET /boost-ctrl/us-central1/getLeagues --> getLeagues
[debug] [2021-03-14T01:18:26.134Z] [worker-pool] addWorker(getLeagues) {"metadata":{"emulator":{"name":"functions"},"message":"[worker-pool] addWorker(getLeagues)"}}
[debug] [2021-03-14T01:18:26.135Z] [worker-pool] Adding worker with key getLeagues, total=1 {"metadata":{"emulator":{"name":"functions"},"message":"[worker-pool] Adding worker with key getLeagues, total=1"}}
[debug] [2021-03-14T01:18:26.135Z] [worker-pool] submitWork(triggerId=getLeagues) {"metadata":{"emulator":{"name":"functions"},"message":"[worker-pool] submitWork(triggerId=getLeagues)"}}
[debug] [2021-03-14T01:18:26.135Z] [worker-getLeagues-96ef0f61-0cba-40c6-bae9-d589724bf3b7]: Assigning socketPath: /var/folders/lc/dxxr902x4jn_lzh8_qqwx66r0000gp/T/fire_emu_6381.sock {"metadata":{"emulator":{"name":"functions"},"message":"[worker-getLeagues-96ef0f61-0cba-40c6-bae9-d589724bf3b7]: Assigning socketPath: /var/folders/lc/dxxr902x4jn_lzh8_qqwx66r0000gp/T/fire_emu_6381.sock"}}
[debug] [2021-03-14T01:18:26.135Z] [worker-getLeagues-96ef0f61-0cba-40c6-bae9-d589724bf3b7]: BUSY {"metadata":{"emulator":{"name":"functions"},"message":"[worker-getLeagues-96ef0f61-0cba-40c6-bae9-d589724bf3b7]: BUSY"}}
[debug] [2021-03-14T01:18:26.262Z] [runtime-status] [6381] Functions runtime initialized. {"cwd":"/Users/zac/Development/Personal/Boost-ctRL/functions","node_version":"14.16.0"} {"metadata":{"emulator":{"name":"functions"},"function":{"name":"getLeagues"},"message":"[runtime-status] [6381] Functions runtime initialized. {\"cwd\":\"/Users/zac/Development/Personal/Boost-ctRL/functions\",\"node_version\":\"14.16.0\"}"}}
[debug] [2021-03-14T01:18:26.263Z] [runtime-status] [6381] Disabled runtime features: undefined {"metadata":{"emulator":{"name":"functions"},"function":{"name":"getLeagues"},"message":"[runtime-status] [6381] Disabled runtime features: undefined"}}
[debug] [2021-03-14T01:18:26.265Z] [runtime-status] [6381] Resolved module firebase-admin {"declared":true,"installed":true,"version":"9.5.0","resolution":"/Users/zac/Development/Personal/Boost-ctRL/functions/node_modules/firebase-admin/lib/index.js"} {"metadata":{"emulator":{"name":"functions"},"function":{"name":"getLeagues"},"message":"[runtime-status] [6381] Resolved module firebase-admin {\"declared\":true,\"installed\":true,\"version\":\"9.5.0\",\"resolution\":\"/Users/zac/Development/Personal/Boost-ctRL/functions/node_modules/firebase-admin/lib/index.js\"}"}}
[debug] [2021-03-14T01:18:26.265Z] [runtime-status] [6381] Resolved module firebase-functions {"declared":true,"installed":true,"version":"3.13.2","resolution":"/Users/zac/Development/Personal/Boost-ctRL/functions/node_modules/firebase-functions/lib/index.js"} {"metadata":{"emulator":{"name":"functions"},"function":{"name":"getLeagues"},"message":"[runtime-status] [6381] Resolved module firebase-functions {\"declared\":true,\"installed\":true,\"version\":\"3.13.2\",\"resolution\":\"/Users/zac/Development/Personal/Boost-ctRL/functions/node_modules/firebase-functions/lib/index.js\"}"}}
[debug] [2021-03-14T01:18:26.266Z] [runtime-status] [6381] Found local functions config: /Users/zac/Development/Personal/Boost-ctRL/functions/.runtimeconfig.json {"metadata":{"emulator":{"name":"functions"},"function":{"name":"getLeagues"},"message":"[runtime-status] [6381] Found local functions config: /Users/zac/Development/Personal/Boost-ctRL/functions/.runtimeconfig.json"}}
[debug] [2021-03-14T01:18:26.267Z] [runtime-status] [6381] Resolved module firebase-functions {"declared":true,"installed":true,"version":"3.13.2","resolution":"/Users/zac/Development/Personal/Boost-ctRL/functions/node_modules/firebase-functions/lib/index.js"} {"metadata":{"emulator":{"name":"functions"},"function":{"name":"getLeagues"},"message":"[runtime-status] [6381] Resolved module firebase-functions {\"declared\":true,\"installed\":true,\"version\":\"3.13.2\",\"resolution\":\"/Users/zac/Development/Personal/Boost-ctRL/functions/node_modules/firebase-functions/lib/index.js\"}"}}
[debug] [2021-03-14T01:18:26.269Z] [runtime-status] [6381] Outgoing network have been stubbed. [{"name":"http","status":"mocked"},{"name":"http","status":"mocked"},{"name":"https","status":"mocked"},{"name":"https","status":"mocked"},{"name":"net","status":"mocked"}] {"metadata":{"emulator":{"name":"functions"},"function":{"name":"getLeagues"},"message":"[runtime-status] [6381] Outgoing network have been stubbed. [{\"name\":\"http\",\"status\":\"mocked\"},{\"name\":\"http\",\"status\":\"mocked\"},{\"name\":\"https\",\"status\":\"mocked\"},{\"name\":\"https\",\"status\":\"mocked\"},{\"name\":\"net\",\"status\":\"mocked\"}]"}}
[debug] [2021-03-14T01:18:26.269Z] [runtime-status] [6381] Resolved module firebase-functions {"declared":true,"installed":true,"version":"3.13.2","resolution":"/Users/zac/Development/Personal/Boost-ctRL/functions/node_modules/firebase-functions/lib/index.js"} {"metadata":{"emulator":{"name":"functions"},"function":{"name":"getLeagues"},"message":"[runtime-status] [6381] Resolved module firebase-functions {\"declared\":true,\"installed\":true,\"version\":\"3.13.2\",\"resolution\":\"/Users/zac/Development/Personal/Boost-ctRL/functions/node_modules/firebase-functions/lib/index.js\"}"}}
[debug] [2021-03-14T01:18:26.295Z] [runtime-status] [6381] Checked functions.config() {"config":{"pandascore":{"key":"VkY465swOTJhq0slSoTWQYk5J2mIKua7TMyHF7J_8Tz2_6EE-jc"}}} {"metadata":{"emulator":{"name":"functions"},"function":{"name":"getLeagues"},"message":"[runtime-status] [6381] Checked functions.config() {\"config\":{\"pandascore\":{\"key\":\"VkY465swOTJhq0slSoTWQYk5J2mIKua7TMyHF7J_8Tz2_6EE-jc\"}}}"}}
[debug] [2021-03-14T01:18:26.295Z] [runtime-status] [6381] firebase-functions has been stubbed. {"functionsResolution":{"declared":true,"installed":true,"version":"3.13.2","resolution":"/Users/zac/Development/Personal/Boost-ctRL/functions/node_modules/firebase-functions/lib/index.js"}} {"metadata":{"emulator":{"name":"functions"},"function":{"name":"getLeagues"},"message":"[runtime-status] [6381] firebase-functions has been stubbed. {\"functionsResolution\":{\"declared\":true,\"installed\":true,\"version\":\"3.13.2\",\"resolution\":\"/Users/zac/Development/Personal/Boost-ctRL/functions/node_modules/firebase-functions/lib/index.js\"}}"}}
[debug] [2021-03-14T01:18:26.295Z] [runtime-status] [6381] Resolved module firebase-functions {"declared":true,"installed":true,"version":"3.13.2","resolution":"/Users/zac/Development/Personal/Boost-ctRL/functions/node_modules/firebase-functions/lib/index.js"} {"metadata":{"emulator":{"name":"functions"},"function":{"name":"getLeagues"},"message":"[runtime-status] [6381] Resolved module firebase-functions {\"declared\":true,\"installed\":true,\"version\":\"3.13.2\",\"resolution\":\"/Users/zac/Development/Personal/Boost-ctRL/functions/node_modules/firebase-functions/lib/index.js\"}"}}
[debug] [2021-03-14T01:18:26.296Z] [runtime-status] [6381] Resolved module firebase-admin {"declared":true,"installed":true,"version":"9.5.0","resolution":"/Users/zac/Development/Personal/Boost-ctRL/functions/node_modules/firebase-admin/lib/index.js"} {"metadata":{"emulator":{"name":"functions"},"function":{"name":"getLeagues"},"message":"[runtime-status] [6381] Resolved module firebase-admin {\"declared\":true,\"installed\":true,\"version\":\"9.5.0\",\"resolution\":\"/Users/zac/Development/Personal/Boost-ctRL/functions/node_modules/firebase-admin/lib/index.js\"}"}}
[debug] [2021-03-14T01:18:26.296Z] [runtime-status] [6381] Resolved module firebase-functions {"declared":true,"installed":true,"version":"3.13.2","resolution":"/Users/zac/Development/Personal/Boost-ctRL/functions/node_modules/firebase-functions/lib/index.js"} {"metadata":{"emulator":{"name":"functions"},"function":{"name":"getLeagues"},"message":"[runtime-status] [6381] Resolved module firebase-functions {\"declared\":true,\"installed\":true,\"version\":\"3.13.2\",\"resolution\":\"/Users/zac/Development/Personal/Boost-ctRL/functions/node_modules/firebase-functions/lib/index.js\"}"}}
[debug] [2021-03-14T01:18:26.296Z] [runtime-status] [6381] firebase-admin has been stubbed. {"adminResolution":{"declared":true,"installed":true,"version":"9.5.0","resolution":"/Users/zac/Development/Personal/Boost-ctRL/functions/node_modules/firebase-admin/lib/index.js"}} {"metadata":{"emulator":{"name":"functions"},"function":{"name":"getLeagues"},"message":"[runtime-status] [6381] firebase-admin has been stubbed. {\"adminResolution\":{\"declared\":true,\"installed\":true,\"version\":\"9.5.0\",\"resolution\":\"/Users/zac/Development/Personal/Boost-ctRL/functions/node_modules/firebase-admin/lib/index.js\"}}"}}
[debug] [2021-03-14T01:18:26.317Z] [runtime-status] [6381] initializeApp(DEFAULT) {"storageBucket":"boost-ctrl.appspot.com","databaseURL":"http://localhost:9000/?ns=boost-ctrl","projectId":"boost-ctrl"} {"metadata":{"emulator":{"name":"functions"},"function":{"name":"getLeagues"},"message":"[runtime-status] [6381] initializeApp(DEFAULT) {\"storageBucket\":\"boost-ctrl.appspot.com\",\"databaseURL\":\"http://localhost:9000/?ns=boost-ctrl\",\"projectId\":\"boost-ctrl\"}"}}
[debug] [2021-03-14T01:18:26.317Z] [runtime-status] [6381] Trigger "getLeagues" has been found, beginning invocation! {"metadata":{"emulator":{"name":"functions"},"function":{"name":"getLeagues"},"message":"[runtime-status] [6381] Trigger \"getLeagues\" has been found, beginning invocation!"}}
[info] i  functions: Beginning execution of "getLeagues" {"metadata":{"emulator":{"name":"functions"},"function":{"name":"getLeagues"},"message":"Beginning execution of \"getLeagues\""}}
[debug] [2021-03-14T01:18:26.318Z] [runtime-status] [6381] triggerDefinition {"httpsTrigger":{},"name":"getLeagues","entryPoint":"getLeagues"} {"metadata":{"emulator":{"name":"functions"},"function":{"name":"getLeagues"},"message":"[runtime-status] [6381] triggerDefinition {\"httpsTrigger\":{},\"name\":\"getLeagues\",\"entryPoint\":\"getLeagues\"}"}}
[debug] [2021-03-14T01:18:26.318Z] [runtime-status] [6381] Running getLeagues in mode HTTPS {"metadata":{"emulator":{"name":"functions"},"function":{"name":"getLeagues"},"message":"[runtime-status] [6381] Running getLeagues in mode HTTPS"}}
[debug] [2021-03-14T01:18:26.321Z] [runtime-status] [6381] Attempting to listen to socketPath: /var/folders/lc/dxxr902x4jn_lzh8_qqwx66r0000gp/T/fire_emu_6381.sock {"metadata":{"emulator":{"name":"functions"},"function":{"name":"getLeagues"},"message":"[runtime-status] [6381] Attempting to listen to socketPath: /var/folders/lc/dxxr902x4jn_lzh8_qqwx66r0000gp/T/fire_emu_6381.sock"}}
[debug] [2021-03-14T01:18:26.324Z] [functions] Runtime ready! Sending request! {"metadata":{"emulator":{"name":"functions"},"message":"[functions] Runtime ready! Sending request!"}}
[debug] [2021-03-14T01:18:26.324Z] [functions] Got req.url=/boost-ctrl/us-central1/getLeagues, mapping to path=/ {"metadata":{"emulator":{"name":"functions"},"message":"[functions] Got req.url=/boost-ctrl/us-central1/getLeagues, mapping to path=/"}}
[debug] [2021-03-14T01:18:26.330Z] [runtime-status] [6381] Ephemeral server handling GET request {"metadata":{"emulator":{"name":"functions"},"function":{"name":"getLeagues"},"message":"[runtime-status] [6381] Ephemeral server handling GET request"}}
[info] >  Fetching The Leagues {"user":"Fetching The Leagues","metadata":{"emulator":{"name":"functions"},"function":{"name":"getLeagues"},"message":"\u001b[90m> \u001b[39m Fetching The Leagues"}}
[warn] ⚠  External network resource requested!
   - URL: "https://api.pandascore.co/rl/leagues?token=VkY465swOTJhq0slSoTWQYk5J2mIKua7TMyHF7J_8Tz2_6EE-jc"
 - Be careful, this may be a production service. {"metadata":{"emulator":{"name":"functions"},"function":{"name":"getLeagues"},"message":"External network resource requested!\n   - URL: \"https://api.pandascore.co/rl/leagues?token=VkY465swOTJhq0slSoTWQYk5J2mIKua7TMyHF7J_8Tz2_6EE-jc\"\n - Be careful, this may be a production service."}}
[info] >  Cleaning up data:  [ {"user":"Cleaning up data:  [","metadata":{"emulator":{"name":"functions"},"function":{"name":"getLeagues"},"message":"\u001b[90m> \u001b[39m Cleaning up data:  ["}}
[info] >    { {"user":"  {","metadata":{"emulator":{"name":"functions"},"function":{"name":"getLeagues"},"message":"\u001b[90m> \u001b[39m   {"}}
[info] >      id: 4536, {"user":"    id: 4536,","metadata":{"emulator":{"name":"functions"},"function":{"name":"getLeagues"},"message":"\u001b[90m> \u001b[39m     id: 4536,"}}
[info] >      image_url: null, {"user":"    image_url: null,","metadata":{"emulator":{"name":"functions"},"function":{"name":"getLeagues"},"message":"\u001b[90m> \u001b[39m     image_url: null,"}}
[info] >      modified_at: '2021-02-11T11:30:41Z', {"user":"    modified_at: '2021-02-11T11:30:41Z',","metadata":{"emulator":{"name":"functions"},"function":{"name":"getLeagues"},"message":"\u001b[90m> \u001b[39m     modified_at: '2021-02-11T11:30:41Z',"}}
[info] >      name: 'RLCS SA', {"user":"    name: 'RLCS SA',","metadata":{"emulator":{"name":"functions"},"function":{"name":"getLeagues"},"message":"\u001b[90m> \u001b[39m     name: 'RLCS SA',"}}
[info] >      series: [ [Object] ], {"user":"    series: [ [Object] ],","metadata":{"emulator":{"name":"functions"},"function":{"name":"getLeagues"},"message":"\u001b[90m> \u001b[39m     series: [ [Object] ],"}}
[info] >      slug: 'rl-rlcs-sa-056ccd27-d2c9-4b81-9723-c8a170b5a1a0', {"user":"    slug: 'rl-rlcs-sa-056ccd27-d2c9-4b81-9723-c8a170b5a1a0',","metadata":{"emulator":{"name":"functions"},"function":{"name":"getLeagues"},"message":"\u001b[90m> \u001b[39m     slug: 'rl-rlcs-sa-056ccd27-d2c9-4b81-9723-c8a170b5a1a0',"}}
[info] >      url: null, {"user":"    url: null,","metadata":{"emulator":{"name":"functions"},"function":{"name":"getLeagues"},"message":"\u001b[90m> \u001b[39m     url: null,"}}
[info] >      videogame: { {"user":"    videogame: {","metadata":{"emulator":{"name":"functions"},"function":{"name":"getLeagues"},"message":"\u001b[90m> \u001b[39m     videogame: {"}}
[info] >        current_version: null, {"user":"      current_version: null,","metadata":{"emulator":{"name":"functions"},"function":{"name":"getLeagues"},"message":"\u001b[90m> \u001b[39m       current_version: null,"}}
[info] >        id: 22, {"user":"      id: 22,","metadata":{"emulator":{"name":"functions"},"function":{"name":"getLeagues"},"message":"\u001b[90m> \u001b[39m       id: 22,"}}
[info] >        name: 'Rocket League', {"user":"      name: 'Rocket League',","metadata":{"emulator":{"name":"functions"},"function":{"name":"getLeagues"},"message":"\u001b[90m> \u001b[39m       name: 'Rocket League',"}}
[info] >        slug: 'rl' {"user":"      slug: 'rl'","metadata":{"emulator":{"name":"functions"},"function":{"name":"getLeagues"},"message":"\u001b[90m> \u001b[39m       slug: 'rl'"}}
[info] >      } {"user":"    }","metadata":{"emulator":{"name":"functions"},"function":{"name":"getLeagues"},"message":"\u001b[90m> \u001b[39m     }"}}
[info] >    }, {"user":"  },","metadata":{"emulator":{"name":"functions"},"function":{"name":"getLeagues"},"message":"\u001b[90m> \u001b[39m   },"}}
[info] >    { {"user":"  {","metadata":{"emulator":{"name":"functions"},"function":{"name":"getLeagues"},"message":"\u001b[90m> \u001b[39m   {"}}
[info] >      id: 4445, {"user":"    id: 4445,","metadata":{"emulator":{"name":"functions"},"function":{"name":"getLeagues"},"message":"\u001b[90m> \u001b[39m     id: 4445,"}}
[info] >      image_url: null, {"user":"    image_url: null,","metadata":{"emulator":{"name":"functions"},"function":{"name":"getLeagues"},"message":"\u001b[90m> \u001b[39m     image_url: null,"}}
[info] >      modified_at: '2020-07-23T12:51:57Z', {"user":"    modified_at: '2020-07-23T12:51:57Z',","metadata":{"emulator":{"name":"functions"},"function":{"name":"getLeagues"},"message":"\u001b[90m> \u001b[39m     modified_at: '2020-07-23T12:51:57Z',"}}
[info] >      name: 'ESPN Esports', {"user":"    name: 'ESPN Esports',","metadata":{"emulator":{"name":"functions"},"function":{"name":"getLeagues"},"message":"\u001b[90m> \u001b[39m     name: 'ESPN Esports',"}}
[info] >      series: [ [Object] ], {"user":"    series: [ [Object] ],","metadata":{"emulator":{"name":"functions"},"function":{"name":"getLeagues"},"message":"\u001b[90m> \u001b[39m     series: [ [Object] ],"}}
[info] >      slug: 'rl-espn-esports', {"user":"    slug: 'rl-espn-esports',","metadata":{"emulator":{"name":"functions"},"function":{"name":"getLeagues"},"message":"\u001b[90m> \u001b[39m     slug: 'rl-espn-esports',"}}
[info] >      url: null, {"user":"    url: null,","metadata":{"emulator":{"name":"functions"},"function":{"name":"getLeagues"},"message":"\u001b[90m> \u001b[39m     url: null,"}}
[info] >      videogame: { {"user":"    videogame: {","metadata":{"emulator":{"name":"functions"},"function":{"name":"getLeagues"},"message":"\u001b[90m> \u001b[39m     videogame: {"}}
[info] >        current_version: null, {"user":"      current_version: null,","metadata":{"emulator":{"name":"functions"},"function":{"name":"getLeagues"},"message":"\u001b[90m> \u001b[39m       current_version: null,"}}
[info] >        id: 22, {"user":"      id: 22,","metadata":{"emulator":{"name":"functions"},"function":{"name":"getLeagues"},"message":"\u001b[90m> \u001b[39m       id: 22,"}}
[info] >        name: 'Rocket League', {"user":"      name: 'Rocket League',","metadata":{"emulator":{"name":"functions"},"function":{"name":"getLeagues"},"message":"\u001b[90m> \u001b[39m       name: 'Rocket League',"}}
[info] >        slug: 'rl' {"user":"      slug: 'rl'","metadata":{"emulator":{"name":"functions"},"function":{"name":"getLeagues"},"message":"\u001b[90m> \u001b[39m       slug: 'rl'"}}
[info] >      } {"user":"    }","metadata":{"emulator":{"name":"functions"},"function":{"name":"getLeagues"},"message":"\u001b[90m> \u001b[39m     }"}}
[info] >    }, {"user":"  },","metadata":{"emulator":{"name":"functions"},"function":{"name":"getLeagues"},"message":"\u001b[90m> \u001b[39m   },"}}
[info] >    { {"user":"  {","metadata":{"emulator":{"name":"functions"},"function":{"name":"getLeagues"},"message":"\u001b[90m> \u001b[39m   {"}}
[info] >      id: 4438, {"user":"    id: 4438,","metadata":{"emulator":{"name":"functions"},"function":{"name":"getLeagues"},"message":"\u001b[90m> \u001b[39m     id: 4438,"}}
[info] >      image_url: 'https://cdn.pandascore.co/images/league/image/4438/600px-BTS_Summer_Shuffle.png', {"user":"    image_url: 'https://cdn.pandascore.co/images/league/image/4438/600px-BTS_Summer_Shuffle.png',","metadata":{"emulator":{"name":"functions"},"function":{"name":"getLeagues"},"message":"\u001b[90m> \u001b[39m     image_url: 'https://cdn.pandascore.co/images/league/image/4438/600px-BTS_Summer_Shuffle.png',"}}
[info] >      modified_at: '2020-07-09T09:46:54Z', {"user":"    modified_at: '2020-07-09T09:46:54Z',","metadata":{"emulator":{"name":"functions"},"function":{"name":"getLeagues"},"message":"\u001b[90m> \u001b[39m     modified_at: '2020-07-09T09:46:54Z',"}}
[info] >      name: 'Beyond The Summit', {"user":"    name: 'Beyond The Summit',","metadata":{"emulator":{"name":"functions"},"function":{"name":"getLeagues"},"message":"\u001b[90m> \u001b[39m     name: 'Beyond The Summit',"}}
[info] >      series: [ [Object], [Object], [Object] ], {"user":"    series: [ [Object], [Object], [Object] ],","metadata":{"emulator":{"name":"functions"},"function":{"name":"getLeagues"},"message":"\u001b[90m> \u001b[39m     series: [ [Object], [Object], [Object] ],"}}
[info] >      slug: 'rl-bts-summer-shuffle', {"user":"    slug: 'rl-bts-summer-shuffle',","metadata":{"emulator":{"name":"functions"},"function":{"name":"getLeagues"},"message":"\u001b[90m> \u001b[39m     slug: 'rl-bts-summer-shuffle',"}}
[info] >      url: 'https://web.archive.org/web/20200704151218/https://beyondthesummit.tv/', {"user":"    url: 'https://web.archive.org/web/20200704151218/https://beyondthesummit.tv/',","metadata":{"emulator":{"name":"functions"},"function":{"name":"getLeagues"},"message":"\u001b[90m> \u001b[39m     url: 'https://web.archive.org/web/20200704151218/https://beyondthesummit.tv/',"}}
[info] >      videogame: { {"user":"    videogame: {","metadata":{"emulator":{"name":"functions"},"function":{"name":"getLeagues"},"message":"\u001b[90m> \u001b[39m     videogame: {"}}
[info] >        current_version: null, {"user":"      current_version: null,","metadata":{"emulator":{"name":"functions"},"function":{"name":"getLeagues"},"message":"\u001b[90m> \u001b[39m       current_version: null,"}}
[info] >        id: 22, {"user":"      id: 22,","metadata":{"emulator":{"name":"functions"},"function":{"name":"getLeagues"},"message":"\u001b[90m> \u001b[39m       id: 22,"}}
[info] >        name: 'Rocket League', {"user":"      name: 'Rocket League',","metadata":{"emulator":{"name":"functions"},"function":{"name":"getLeagues"},"message":"\u001b[90m> \u001b[39m       name: 'Rocket League',"}}
[info] >        slug: 'rl' {"user":"      slug: 'rl'","metadata":{"emulator":{"name":"functions"},"function":{"name":"getLeagues"},"message":"\u001b[90m> \u001b[39m       slug: 'rl'"}}
[info] >      } {"user":"    }","metadata":{"emulator":{"name":"functions"},"function":{"name":"getLeagues"},"message":"\u001b[90m> \u001b[39m     }"}}
[info] >    }, {"user":"  },","metadata":{"emulator":{"name":"functions"},"function":{"name":"getLeagues"},"message":"\u001b[90m> \u001b[39m   },"}}
[info] >    { {"user":"  {","metadata":{"emulator":{"name":"functions"},"function":{"name":"getLeagues"},"message":"\u001b[90m> \u001b[39m   {"}}
[info] >      id: 4416, {"user":"    id: 4416,","metadata":{"emulator":{"name":"functions"},"function":{"name":"getLeagues"},"message":"\u001b[90m> \u001b[39m     id: 4416,"}}
[info] >      image_url: 'https://cdn.pandascore.co/images/league/image/4416/Summer_Grand_Prix.png', {"user":"    image_url: 'https://cdn.pandascore.co/images/league/image/4416/Summer_Grand_Prix.png',","metadata":{"emulator":{"name":"functions"},"function":{"name":"getLeagues"},"message":"\u001b[90m> \u001b[39m     image_url: 'https://cdn.pandascore.co/images/league/image/4416/Summer_Grand_Prix.png',"}}
[info] >      modified_at: '2020-06-12T06:52:06Z', {"user":"    modified_at: '2020-06-12T06:52:06Z',","metadata":{"emulator":{"name":"functions"},"function":{"name":"getLeagues"},"message":"\u001b[90m> \u001b[39m     modified_at: '2020-06-12T06:52:06Z',"}}
[info] >      name: 'Rocket Baguette', {"user":"    name: 'Rocket Baguette',","metadata":{"emulator":{"name":"functions"},"function":{"name":"getLeagues"},"message":"\u001b[90m> \u001b[39m     name: 'Rocket Baguette',"}}
[info] >      series: [ [Object] ], {"user":"    series: [ [Object] ],","metadata":{"emulator":{"name":"functions"},"function":{"name":"getLeagues"},"message":"\u001b[90m> \u001b[39m     series: [ [Object] ],"}}
[info] >      slug: 'rl-rocket-baguette', {"user":"    slug: 'rl-rocket-baguette',","metadata":{"emulator":{"name":"functions"},"function":{"name":"getLeagues"},"message":"\u001b[90m> \u001b[39m     slug: 'rl-rocket-baguette',"}}
[info] >      url: null, {"user":"    url: null,","metadata":{"emulator":{"name":"functions"},"function":{"name":"getLeagues"},"message":"\u001b[90m> \u001b[39m     url: null,"}}
[info] >      videogame: { {"user":"    videogame: {","metadata":{"emulator":{"name":"functions"},"function":{"name":"getLeagues"},"message":"\u001b[90m> \u001b[39m     videogame: {"}}
[info] >        current_version: null, {"user":"      current_version: null,","metadata":{"emulator":{"name":"functions"},"function":{"name":"getLeagues"},"message":"\u001b[90m> \u001b[39m       current_version: null,"}}
[info] >        id: 22, {"user":"      id: 22,","metadata":{"emulator":{"name":"functions"},"function":{"name":"getLeagues"},"message":"\u001b[90m> \u001b[39m       id: 22,"}}
[info] >        name: 'Rocket League', {"user":"      name: 'Rocket League',","metadata":{"emulator":{"name":"functions"},"function":{"name":"getLeagues"},"message":"\u001b[90m> \u001b[39m       name: 'Rocket League',"}}
[info] >        slug: 'rl' {"user":"      slug: 'rl'","metadata":{"emulator":{"name":"functions"},"function":{"name":"getLeagues"},"message":"\u001b[90m> \u001b[39m       slug: 'rl'"}}
[info] >      } {"user":"    }","metadata":{"emulator":{"name":"functions"},"function":{"name":"getLeagues"},"message":"\u001b[90m> \u001b[39m     }"}}
[info] >    }, {"user":"  },","metadata":{"emulator":{"name":"functions"},"function":{"name":"getLeagues"},"message":"\u001b[90m> \u001b[39m   },"}}
[info] >    { {"user":"  {","metadata":{"emulator":{"name":"functions"},"function":{"name":"getLeagues"},"message":"\u001b[90m> \u001b[39m   {"}}
[info] >      id: 4415, {"user":"    id: 4415,","metadata":{"emulator":{"name":"functions"},"function":{"name":"getLeagues"},"message":"\u001b[90m> \u001b[39m     id: 4415,"}}
[info] >      image_url: 'https://cdn.pandascore.co/images/league/image/4415/600px-Rlo_grand_slam_emblem__dark_.png', {"user":"    image_url: 'https://cdn.pandascore.co/images/league/image/4415/600px-Rlo_grand_slam_emblem__dark_.png',","metadata":{"emulator":{"name":"functions"},"function":{"name":"getLeagues"},"message":"\u001b[90m> \u001b[39m     image_url: 'https://cdn.pandascore.co/images/league/image/4415/600px-Rlo_grand_slam_emblem__dark_.png',"}}
[info] >      modified_at: '2020-06-12T06:45:52Z', {"user":"    modified_at: '2020-06-12T06:45:52Z',","metadata":{"emulator":{"name":"functions"},"function":{"name":"getLeagues"},"message":"\u001b[90m> \u001b[39m     modified_at: '2020-06-12T06:45:52Z',"}}
[info] >      name: 'RLO Grand Slam', {"user":"    name: 'RLO Grand Slam',","metadata":{"emulator":{"name":"functions"},"function":{"name":"getLeagues"},"message":"\u001b[90m> \u001b[39m     name: 'RLO Grand Slam',"}}
[info] >      series: [ [Object] ], {"user":"    series: [ [Object] ],","metadata":{"emulator":{"name":"functions"},"function":{"name":"getLeagues"},"message":"\u001b[90m> \u001b[39m     series: [ [Object] ],"}}
[info] >      slug: 'rl-rlo-grand-slam', {"user":"    slug: 'rl-rlo-grand-slam',","metadata":{"emulator":{"name":"functions"},"function":{"name":"getLeagues"},"message":"\u001b[90m> \u001b[39m     slug: 'rl-rlo-grand-slam',"}}
[info] >      url: null, {"user":"    url: null,","metadata":{"emulator":{"name":"functions"},"function":{"name":"getLeagues"},"message":"\u001b[90m> \u001b[39m     url: null,"}}
[info] >      videogame: { {"user":"    videogame: {","metadata":{"emulator":{"name":"functions"},"function":{"name":"getLeagues"},"message":"\u001b[90m> \u001b[39m     videogame: {"}}
[info] >        current_version: null, {"user":"      current_version: null,","metadata":{"emulator":{"name":"functions"},"function":{"name":"getLeagues"},"message":"\u001b[90m> \u001b[39m       current_version: null,"}}
[info] >        id: 22, {"user":"      id: 22,","metadata":{"emulator":{"name":"functions"},"function":{"name":"getLeagues"},"message":"\u001b[90m> \u001b[39m       id: 22,"}}
[info] >        name: 'Rocket League', {"user":"      name: 'Rocket League',","metadata":{"emulator":{"name":"functions"},"function":{"name":"getLeagues"},"message":"\u001b[90m> \u001b[39m       name: 'Rocket League',"}}
[info] >        slug: 'rl' {"user":"      slug: 'rl'","metadata":{"emulator":{"name":"functions"},"function":{"name":"getLeagues"},"message":"\u001b[90m> \u001b[39m       slug: 'rl'"}}
[info] >      } {"user":"    }","metadata":{"emulator":{"name":"functions"},"function":{"name":"getLeagues"},"message":"\u001b[90m> \u001b[39m     }"}}
[info] >    }, {"user":"  },","metadata":{"emulator":{"name":"functions"},"function":{"name":"getLeagues"},"message":"\u001b[90m> \u001b[39m   },"}}
[info] >    { {"user":"  {","metadata":{"emulator":{"name":"functions"},"function":{"name":"getLeagues"},"message":"\u001b[90m> \u001b[39m   {"}}
[info] >      id: 4409, {"user":"    id: 4409,","metadata":{"emulator":{"name":"functions"},"function":{"name":"getLeagues"},"message":"\u001b[90m> \u001b[39m     id: 4409,"}}
[info] >      image_url: 'https://cdn.pandascore.co/images/league/image/4409/600px-Brawl10k_logo.png', {"user":"    image_url: 'https://cdn.pandascore.co/images/league/image/4409/600px-Brawl10k_logo.png',","metadata":{"emulator":{"name":"functions"},"function":{"name":"getLeagues"},"message":"\u001b[90m> \u001b[39m     image_url: 'https://cdn.pandascore.co/images/league/image/4409/600px-Brawl10k_logo.png',"}}
[info] >      modified_at: '2020-06-13T05:38:21Z', {"user":"    modified_at: '2020-06-13T05:38:21Z',","metadata":{"emulator":{"name":"functions"},"function":{"name":"getLeagues"},"message":"\u001b[90m> \u001b[39m     modified_at: '2020-06-13T05:38:21Z',"}}
[info] >      name: 'The Brawl 10K', {"user":"    name: 'The Brawl 10K',","metadata":{"emulator":{"name":"functions"},"function":{"name":"getLeagues"},"message":"\u001b[90m> \u001b[39m     name: 'The Brawl 10K',"}}
[info] >      series: [ [Object] ], {"user":"    series: [ [Object] ],","metadata":{"emulator":{"name":"functions"},"function":{"name":"getLeagues"},"message":"\u001b[90m> \u001b[39m     series: [ [Object] ],"}}
[info] >      slug: 'rl-the-brawl-10k', {"user":"    slug: 'rl-the-brawl-10k',","metadata":{"emulator":{"name":"functions"},"function":{"name":"getLeagues"},"message":"\u001b[90m> \u001b[39m     slug: 'rl-the-brawl-10k',"}}
[info] >      url: null, {"user":"    url: null,","metadata":{"emulator":{"name":"functions"},"function":{"name":"getLeagues"},"message":"\u001b[90m> \u001b[39m     url: null,"}}
[info] >      videogame: { {"user":"    videogame: {","metadata":{"emulator":{"name":"functions"},"function":{"name":"getLeagues"},"message":"\u001b[90m> \u001b[39m     videogame: {"}}
[info] >        current_version: null, {"user":"      current_version: null,","metadata":{"emulator":{"name":"functions"},"function":{"name":"getLeagues"},"message":"\u001b[90m> \u001b[39m       current_version: null,"}}
[info] >        id: 22, {"user":"      id: 22,","metadata":{"emulator":{"name":"functions"},"function":{"name":"getLeagues"},"message":"\u001b[90m> \u001b[39m       id: 22,"}}
[info] >        name: 'Rocket League', {"user":"      name: 'Rocket League',","metadata":{"emulator":{"name":"functions"},"function":{"name":"getLeagues"},"message":"\u001b[90m> \u001b[39m       name: 'Rocket League',"}}
[info] >        slug: 'rl' {"user":"      slug: 'rl'","metadata":{"emulator":{"name":"functions"},"function":{"name":"getLeagues"},"message":"\u001b[90m> \u001b[39m       slug: 'rl'"}}
[info] >      } {"user":"    }","metadata":{"emulator":{"name":"functions"},"function":{"name":"getLeagues"},"message":"\u001b[90m> \u001b[39m     }"}}
[info] >    }, {"user":"  },","metadata":{"emulator":{"name":"functions"},"function":{"name":"getLeagues"},"message":"\u001b[90m> \u001b[39m   },"}}
[info] >    { {"user":"  {","metadata":{"emulator":{"name":"functions"},"function":{"name":"getLeagues"},"message":"\u001b[90m> \u001b[39m   {"}}
[info] >      id: 4403, {"user":"    id: 4403,","metadata":{"emulator":{"name":"functions"},"function":{"name":"getLeagues"},"message":"\u001b[90m> \u001b[39m     id: 4403,"}}
[info] >      image_url: 'https://cdn.pandascore.co/images/league/image/4403/Eurocup_100K.jpg', {"user":"    image_url: 'https://cdn.pandascore.co/images/league/image/4403/Eurocup_100K.jpg',","metadata":{"emulator":{"name":"functions"},"function":{"name":"getLeagues"},"message":"\u001b[90m> \u001b[39m     image_url: 'https://cdn.pandascore.co/images/league/image/4403/Eurocup_100K.jpg',"}}
[info] >      modified_at: '2020-06-12T06:45:27Z', {"user":"    modified_at: '2020-06-12T06:45:27Z',","metadata":{"emulator":{"name":"functions"},"function":{"name":"getLeagues"},"message":"\u001b[90m> \u001b[39m     modified_at: '2020-06-12T06:45:27Z',"}}
[info] >      name: 'The Eurocup 10K', {"user":"    name: 'The Eurocup 10K',","metadata":{"emulator":{"name":"functions"},"function":{"name":"getLeagues"},"message":"\u001b[90m> \u001b[39m     name: 'The Eurocup 10K',"}}
[info] >      series: [ [Object] ], {"user":"    series: [ [Object] ],","metadata":{"emulator":{"name":"functions"},"function":{"name":"getLeagues"},"message":"\u001b[90m> \u001b[39m     series: [ [Object] ],"}}
[info] >      slug: 'rl-the-eurocup-10k', {"user":"    slug: 'rl-the-eurocup-10k',","metadata":{"emulator":{"name":"functions"},"function":{"name":"getLeagues"},"message":"\u001b[90m> \u001b[39m     slug: 'rl-the-eurocup-10k',"}}
[info] >      url: null, {"user":"    url: null,","metadata":{"emulator":{"name":"functions"},"function":{"name":"getLeagues"},"message":"\u001b[90m> \u001b[39m     url: null,"}}
[info] >      videogame: { {"user":"    videogame: {","metadata":{"emulator":{"name":"functions"},"function":{"name":"getLeagues"},"message":"\u001b[90m> \u001b[39m     videogame: {"}}
[info] >        current_version: null, {"user":"      current_version: null,","metadata":{"emulator":{"name":"functions"},"function":{"name":"getLeagues"},"message":"\u001b[90m> \u001b[39m       current_version: null,"}}
[info] >        id: 22, {"user":"      id: 22,","metadata":{"emulator":{"name":"functions"},"function":{"name":"getLeagues"},"message":"\u001b[90m> \u001b[39m       id: 22,"}}
[info] >        name: 'Rocket League', {"user":"      name: 'Rocket League',","metadata":{"emulator":{"name":"functions"},"function":{"name":"getLeagues"},"message":"\u001b[90m> \u001b[39m       name: 'Rocket League',"}}
[info] >        slug: 'rl' {"user":"      slug: 'rl'","metadata":{"emulator":{"name":"functions"},"function":{"name":"getLeagues"},"message":"\u001b[90m> \u001b[39m       slug: 'rl'"}}
[info] >      } {"user":"    }","metadata":{"emulator":{"name":"functions"},"function":{"name":"getLeagues"},"message":"\u001b[90m> \u001b[39m     }"}}
[info] >    }, {"user":"  },","metadata":{"emulator":{"name":"functions"},"function":{"name":"getLeagues"},"message":"\u001b[90m> \u001b[39m   },"}}
[info] >    { {"user":"  {","metadata":{"emulator":{"name":"functions"},"function":{"name":"getLeagues"},"message":"\u001b[90m> \u001b[39m   {"}}
[info] >      id: 4369, {"user":"    id: 4369,","metadata":{"emulator":{"name":"functions"},"function":{"name":"getLeagues"},"message":"\u001b[90m> \u001b[39m     id: 4369,"}}
[info] >      image_url: 'https://cdn.pandascore.co/images/league/image/4369/KeyArt.b6355eb5e1e57f77137aedb6b0aa2566.jpg', {"user":"    image_url: 'https://cdn.pandascore.co/images/league/image/4369/KeyArt.b6355eb5e1e57f77137aedb6b0aa2566.jpg',","metadata":{"emulator":{"name":"functions"},"function":{"name":"getLeagues"},"message":"\u001b[90m> \u001b[39m     image_url: 'https://cdn.pandascore.co/images/league/image/4369/KeyArt.b6355eb5e1e57f77137aedb6b0aa2566.jpg',"}}
[info] >      modified_at: '2020-04-17T16:35:38Z', {"user":"    modified_at: '2020-04-17T16:35:38Z',","metadata":{"emulator":{"name":"functions"},"function":{"name":"getLeagues"},"message":"\u001b[90m> \u001b[39m     modified_at: '2020-04-17T16:35:38Z',"}}
[info] >      name: 'RLSS EU', {"user":"    name: 'RLSS EU',","metadata":{"emulator":{"name":"functions"},"function":{"name":"getLeagues"},"message":"\u001b[90m> \u001b[39m     name: 'RLSS EU',"}}
[info] >      series: [ [Object] ], {"user":"    series: [ [Object] ],","metadata":{"emulator":{"name":"functions"},"function":{"name":"getLeagues"},"message":"\u001b[90m> \u001b[39m     series: [ [Object] ],"}}
[info] >      slug: 'rl-rlss-eu', {"user":"    slug: 'rl-rlss-eu',","metadata":{"emulator":{"name":"functions"},"function":{"name":"getLeagues"},"message":"\u001b[90m> \u001b[39m     slug: 'rl-rlss-eu',"}}
[info] >      url: 'https://www.rocketleagueesports.com/', {"user":"    url: 'https://www.rocketleagueesports.com/',","metadata":{"emulator":{"name":"functions"},"function":{"name":"getLeagues"},"message":"\u001b[90m> \u001b[39m     url: 'https://www.rocketleagueesports.com/',"}}
[info] >      videogame: { {"user":"    videogame: {","metadata":{"emulator":{"name":"functions"},"function":{"name":"getLeagues"},"message":"\u001b[90m> \u001b[39m     videogame: {"}}
[info] >        current_version: null, {"user":"      current_version: null,","metadata":{"emulator":{"name":"functions"},"function":{"name":"getLeagues"},"message":"\u001b[90m> \u001b[39m       current_version: null,"}}
[info] >        id: 22, {"user":"      id: 22,","metadata":{"emulator":{"name":"functions"},"function":{"name":"getLeagues"},"message":"\u001b[90m> \u001b[39m       id: 22,"}}
[info] >        name: 'Rocket League', {"user":"      name: 'Rocket League',","metadata":{"emulator":{"name":"functions"},"function":{"name":"getLeagues"},"message":"\u001b[90m> \u001b[39m       name: 'Rocket League',"}}
[info] >        slug: 'rl' {"user":"      slug: 'rl'","metadata":{"emulator":{"name":"functions"},"function":{"name":"getLeagues"},"message":"\u001b[90m> \u001b[39m       slug: 'rl'"}}
[info] >      } {"user":"    }","metadata":{"emulator":{"name":"functions"},"function":{"name":"getLeagues"},"message":"\u001b[90m> \u001b[39m     }"}}
[info] >    }, {"user":"  },","metadata":{"emulator":{"name":"functions"},"function":{"name":"getLeagues"},"message":"\u001b[90m> \u001b[39m   },"}}
[info] >    { {"user":"  {","metadata":{"emulator":{"name":"functions"},"function":{"name":"getLeagues"},"message":"\u001b[90m> \u001b[39m   {"}}
[info] >      id: 4368, {"user":"    id: 4368,","metadata":{"emulator":{"name":"functions"},"function":{"name":"getLeagues"},"message":"\u001b[90m> \u001b[39m     id: 4368,"}}
[info] >      image_url: 'https://cdn.pandascore.co/images/league/image/4368/KeyArt.b6355eb5e1e57f77137aedb6b0aa2566.jpg', {"user":"    image_url: 'https://cdn.pandascore.co/images/league/image/4368/KeyArt.b6355eb5e1e57f77137aedb6b0aa2566.jpg',","metadata":{"emulator":{"name":"functions"},"function":{"name":"getLeagues"},"message":"\u001b[90m> \u001b[39m     image_url: 'https://cdn.pandascore.co/images/league/image/4368/KeyArt.b6355eb5e1e57f77137aedb6b0aa2566.jpg',"}}
[info] >      modified_at: '2020-04-17T16:35:02Z', {"user":"    modified_at: '2020-04-17T16:35:02Z',","metadata":{"emulator":{"name":"functions"},"function":{"name":"getLeagues"},"message":"\u001b[90m> \u001b[39m     modified_at: '2020-04-17T16:35:02Z',"}}
[info] >      name: 'RLSS OC', {"user":"    name: 'RLSS OC',","metadata":{"emulator":{"name":"functions"},"function":{"name":"getLeagues"},"message":"\u001b[90m> \u001b[39m     name: 'RLSS OC',"}}
[info] >      series: [ [Object] ], {"user":"    series: [ [Object] ],","metadata":{"emulator":{"name":"functions"},"function":{"name":"getLeagues"},"message":"\u001b[90m> \u001b[39m     series: [ [Object] ],"}}
[info] >      slug: 'rl-rlss-oc', {"user":"    slug: 'rl-rlss-oc',","metadata":{"emulator":{"name":"functions"},"function":{"name":"getLeagues"},"message":"\u001b[90m> \u001b[39m     slug: 'rl-rlss-oc',"}}
[info] >      url: 'https://www.rocketleagueesports.com/', {"user":"    url: 'https://www.rocketleagueesports.com/',","metadata":{"emulator":{"name":"functions"},"function":{"name":"getLeagues"},"message":"\u001b[90m> \u001b[39m     url: 'https://www.rocketleagueesports.com/',"}}
[info] >      videogame: { {"user":"    videogame: {","metadata":{"emulator":{"name":"functions"},"function":{"name":"getLeagues"},"message":"\u001b[90m> \u001b[39m     videogame: {"}}
[info] >        current_version: null, {"user":"      current_version: null,","metadata":{"emulator":{"name":"functions"},"function":{"name":"getLeagues"},"message":"\u001b[90m> \u001b[39m       current_version: null,"}}
[info] >        id: 22, {"user":"      id: 22,","metadata":{"emulator":{"name":"functions"},"function":{"name":"getLeagues"},"message":"\u001b[90m> \u001b[39m       id: 22,"}}
[info] >        name: 'Rocket League', {"user":"      name: 'Rocket League',","metadata":{"emulator":{"name":"functions"},"function":{"name":"getLeagues"},"message":"\u001b[90m> \u001b[39m       name: 'Rocket League',"}}
[info] >        slug: 'rl' {"user":"      slug: 'rl'","metadata":{"emulator":{"name":"functions"},"function":{"name":"getLeagues"},"message":"\u001b[90m> \u001b[39m       slug: 'rl'"}}
[info] >      } {"user":"    }","metadata":{"emulator":{"name":"functions"},"function":{"name":"getLeagues"},"message":"\u001b[90m> \u001b[39m     }"}}
[info] >    }, {"user":"  },","metadata":{"emulator":{"name":"functions"},"function":{"name":"getLeagues"},"message":"\u001b[90m> \u001b[39m   },"}}
[info] >    { {"user":"  {","metadata":{"emulator":{"name":"functions"},"function":{"name":"getLeagues"},"message":"\u001b[90m> \u001b[39m   {"}}
[info] >      id: 4367, {"user":"    id: 4367,","metadata":{"emulator":{"name":"functions"},"function":{"name":"getLeagues"},"message":"\u001b[90m> \u001b[39m     id: 4367,"}}
[info] >      image_url: 'https://cdn.pandascore.co/images/league/image/4367/KeyArt.b6355eb5e1e57f77137aedb6b0aa2566.jpg', {"user":"    image_url: 'https://cdn.pandascore.co/images/league/image/4367/KeyArt.b6355eb5e1e57f77137aedb6b0aa2566.jpg',","metadata":{"emulator":{"name":"functions"},"function":{"name":"getLeagues"},"message":"\u001b[90m> \u001b[39m     image_url: 'https://cdn.pandascore.co/images/league/image/4367/KeyArt.b6355eb5e1e57f77137aedb6b0aa2566.jpg',"}}
[info] >      modified_at: '2020-04-17T15:54:45Z', {"user":"    modified_at: '2020-04-17T15:54:45Z',","metadata":{"emulator":{"name":"functions"},"function":{"name":"getLeagues"},"message":"\u001b[90m> \u001b[39m     modified_at: '2020-04-17T15:54:45Z',"}}
[info] >      name: 'RLSS NA', {"user":"    name: 'RLSS NA',","metadata":{"emulator":{"name":"functions"},"function":{"name":"getLeagues"},"message":"\u001b[90m> \u001b[39m     name: 'RLSS NA',"}}
[info] >      series: [ [Object] ], {"user":"    series: [ [Object] ],","metadata":{"emulator":{"name":"functions"},"function":{"name":"getLeagues"},"message":"\u001b[90m> \u001b[39m     series: [ [Object] ],"}}
[info] >      slug: 'rl-rlss-na', {"user":"    slug: 'rl-rlss-na',","metadata":{"emulator":{"name":"functions"},"function":{"name":"getLeagues"},"message":"\u001b[90m> \u001b[39m     slug: 'rl-rlss-na',"}}
[info] >      url: 'https://www.rocketleagueesports.com/', {"user":"    url: 'https://www.rocketleagueesports.com/',","metadata":{"emulator":{"name":"functions"},"function":{"name":"getLeagues"},"message":"\u001b[90m> \u001b[39m     url: 'https://www.rocketleagueesports.com/',"}}
[info] >      videogame: { {"user":"    videogame: {","metadata":{"emulator":{"name":"functions"},"function":{"name":"getLeagues"},"message":"\u001b[90m> \u001b[39m     videogame: {"}}
[info] >        current_version: null, {"user":"      current_version: null,","metadata":{"emulator":{"name":"functions"},"function":{"name":"getLeagues"},"message":"\u001b[90m> \u001b[39m       current_version: null,"}}
[info] >        id: 22, {"user":"      id: 22,","metadata":{"emulator":{"name":"functions"},"function":{"name":"getLeagues"},"message":"\u001b[90m> \u001b[39m       id: 22,"}}
[info] >        name: 'Rocket League', {"user":"      name: 'Rocket League',","metadata":{"emulator":{"name":"functions"},"function":{"name":"getLeagues"},"message":"\u001b[90m> \u001b[39m       name: 'Rocket League',"}}
[info] >        slug: 'rl' {"user":"      slug: 'rl'","metadata":{"emulator":{"name":"functions"},"function":{"name":"getLeagues"},"message":"\u001b[90m> \u001b[39m       slug: 'rl'"}}
[info] >      } {"user":"    }","metadata":{"emulator":{"name":"functions"},"function":{"name":"getLeagues"},"message":"\u001b[90m> \u001b[39m     }"}}
[info] >    }, {"user":"  },","metadata":{"emulator":{"name":"functions"},"function":{"name":"getLeagues"},"message":"\u001b[90m> \u001b[39m   },"}}
[info] >    { {"user":"  {","metadata":{"emulator":{"name":"functions"},"function":{"name":"getLeagues"},"message":"\u001b[90m> \u001b[39m   {"}}
[info] >      id: 4363, {"user":"    id: 4363,","metadata":{"emulator":{"name":"functions"},"function":{"name":"getLeagues"},"message":"\u001b[90m> \u001b[39m     id: 4363,"}}
[info] >      image_url: 'https://cdn.pandascore.co/images/league/image/4363/KeyArt.b6355eb5e1e57f77137aedb6b0aa2566.jpg', {"user":"    image_url: 'https://cdn.pandascore.co/images/league/image/4363/KeyArt.b6355eb5e1e57f77137aedb6b0aa2566.jpg',","metadata":{"emulator":{"name":"functions"},"function":{"name":"getLeagues"},"message":"\u001b[90m> \u001b[39m     image_url: 'https://cdn.pandascore.co/images/league/image/4363/KeyArt.b6355eb5e1e57f77137aedb6b0aa2566.jpg',"}}
[info] >      modified_at: '2020-04-17T14:24:34Z', {"user":"    modified_at: '2020-04-17T14:24:34Z',","metadata":{"emulator":{"name":"functions"},"function":{"name":"getLeagues"},"message":"\u001b[90m> \u001b[39m     modified_at: '2020-04-17T14:24:34Z',"}}
[info] >      name: 'RLSS SA', {"user":"    name: 'RLSS SA',","metadata":{"emulator":{"name":"functions"},"function":{"name":"getLeagues"},"message":"\u001b[90m> \u001b[39m     name: 'RLSS SA',"}}
[info] >      series: [ [Object] ], {"user":"    series: [ [Object] ],","metadata":{"emulator":{"name":"functions"},"function":{"name":"getLeagues"},"message":"\u001b[90m> \u001b[39m     series: [ [Object] ],"}}
[info] >      slug: 'rl-rlcs-sa', {"user":"    slug: 'rl-rlcs-sa',","metadata":{"emulator":{"name":"functions"},"function":{"name":"getLeagues"},"message":"\u001b[90m> \u001b[39m     slug: 'rl-rlcs-sa',"}}
[info] >      url: 'https://www.rocketleague.com/', {"user":"    url: 'https://www.rocketleague.com/',","metadata":{"emulator":{"name":"functions"},"function":{"name":"getLeagues"},"message":"\u001b[90m> \u001b[39m     url: 'https://www.rocketleague.com/',"}}
[info] >      videogame: { {"user":"    videogame: {","metadata":{"emulator":{"name":"functions"},"function":{"name":"getLeagues"},"message":"\u001b[90m> \u001b[39m     videogame: {"}}
[info] >        current_version: null, {"user":"      current_version: null,","metadata":{"emulator":{"name":"functions"},"function":{"name":"getLeagues"},"message":"\u001b[90m> \u001b[39m       current_version: null,"}}
[info] >        id: 22, {"user":"      id: 22,","metadata":{"emulator":{"name":"functions"},"function":{"name":"getLeagues"},"message":"\u001b[90m> \u001b[39m       id: 22,"}}
[info] >        name: 'Rocket League', {"user":"      name: 'Rocket League',","metadata":{"emulator":{"name":"functions"},"function":{"name":"getLeagues"},"message":"\u001b[90m> \u001b[39m       name: 'Rocket League',"}}
[info] >        slug: 'rl' {"user":"      slug: 'rl'","metadata":{"emulator":{"name":"functions"},"function":{"name":"getLeagues"},"message":"\u001b[90m> \u001b[39m       slug: 'rl'"}}
[info] >      } {"user":"    }","metadata":{"emulator":{"name":"functions"},"function":{"name":"getLeagues"},"message":"\u001b[90m> \u001b[39m     }"}}
[info] >    }, {"user":"  },","metadata":{"emulator":{"name":"functions"},"function":{"name":"getLeagues"},"message":"\u001b[90m> \u001b[39m   },"}}
[info] >    { {"user":"  {","metadata":{"emulator":{"name":"functions"},"function":{"name":"getLeagues"},"message":"\u001b[90m> \u001b[39m   {"}}
[info] >      id: 4358, {"user":"    id: 4358,","metadata":{"emulator":{"name":"functions"},"function":{"name":"getLeagues"},"message":"\u001b[90m> \u001b[39m     id: 4358,"}}
[info] >      image_url: 'https://cdn.pandascore.co/images/league/image/4358/600px-Let_s_Play_Live.png', {"user":"    image_url: 'https://cdn.pandascore.co/images/league/image/4358/600px-Let_s_Play_Live.png',","metadata":{"emulator":{"name":"functions"},"function":{"name":"getLeagues"},"message":"\u001b[90m> \u001b[39m     image_url: 'https://cdn.pandascore.co/images/league/image/4358/600px-Let_s_Play_Live.png',"}}
[info] >      modified_at: '2020-04-05T17:52:54Z', {"user":"    modified_at: '2020-04-05T17:52:54Z',","metadata":{"emulator":{"name":"functions"},"function":{"name":"getLeagues"},"message":"\u001b[90m> \u001b[39m     modified_at: '2020-04-05T17:52:54Z',"}}
[info] >      name: 'RLCS OC', {"user":"    name: 'RLCS OC',","metadata":{"emulator":{"name":"functions"},"function":{"name":"getLeagues"},"message":"\u001b[90m> \u001b[39m     name: 'RLCS OC',"}}
[info] >      series: [ [Object], [Object] ], {"user":"    series: [ [Object], [Object] ],","metadata":{"emulator":{"name":"functions"},"function":{"name":"getLeagues"},"message":"\u001b[90m> \u001b[39m     series: [ [Object], [Object] ],"}}
[info] >      slug: 'rl-rlcs-lets-play-live-oceanic-championship', {"user":"    slug: 'rl-rlcs-lets-play-live-oceanic-championship',","metadata":{"emulator":{"name":"functions"},"function":{"name":"getLeagues"},"message":"\u001b[90m> \u001b[39m     slug: 'rl-rlcs-lets-play-live-oceanic-championship',"}}
[info] >      url: 'https://www.rocketleagueesports.com/', {"user":"    url: 'https://www.rocketleagueesports.com/',","metadata":{"emulator":{"name":"functions"},"function":{"name":"getLeagues"},"message":"\u001b[90m> \u001b[39m     url: 'https://www.rocketleagueesports.com/',"}}
[info] >      videogame: { {"user":"    videogame: {","metadata":{"emulator":{"name":"functions"},"function":{"name":"getLeagues"},"message":"\u001b[90m> \u001b[39m     videogame: {"}}
[info] >        current_version: null, {"user":"      current_version: null,","metadata":{"emulator":{"name":"functions"},"function":{"name":"getLeagues"},"message":"\u001b[90m> \u001b[39m       current_version: null,"}}
[info] >        id: 22, {"user":"      id: 22,","metadata":{"emulator":{"name":"functions"},"function":{"name":"getLeagues"},"message":"\u001b[90m> \u001b[39m       id: 22,"}}
[info] >        name: 'Rocket League', {"user":"      name: 'Rocket League',","metadata":{"emulator":{"name":"functions"},"function":{"name":"getLeagues"},"message":"\u001b[90m> \u001b[39m       name: 'Rocket League',"}}
[info] >        slug: 'rl' {"user":"      slug: 'rl'","metadata":{"emulator":{"name":"functions"},"function":{"name":"getLeagues"},"message":"\u001b[90m> \u001b[39m       slug: 'rl'"}}
[info] >      } {"user":"    }","metadata":{"emulator":{"name":"functions"},"function":{"name":"getLeagues"},"message":"\u001b[90m> \u001b[39m     }"}}
[info] >    }, {"user":"  },","metadata":{"emulator":{"name":"functions"},"function":{"name":"getLeagues"},"message":"\u001b[90m> \u001b[39m   },"}}
[info] >    { {"user":"  {","metadata":{"emulator":{"name":"functions"},"function":{"name":"getLeagues"},"message":"\u001b[90m> \u001b[39m   {"}}
[info] >      id: 4301, {"user":"    id: 4301,","metadata":{"emulator":{"name":"functions"},"function":{"name":"getLeagues"},"message":"\u001b[90m> \u001b[39m     id: 4301,"}}
[info] >      image_url: 'https://cdn.pandascore.co/images/league/image/4301/600px-Grand_Series.png', {"user":"    image_url: 'https://cdn.pandascore.co/images/league/image/4301/600px-Grand_Series.png',","metadata":{"emulator":{"name":"functions"},"function":{"name":"getLeagues"},"message":"\u001b[90m> \u001b[39m     image_url: 'https://cdn.pandascore.co/images/league/image/4301/600px-Grand_Series.png',"}}
[info] >      modified_at: '2020-01-18T19:01:09Z', {"user":"    modified_at: '2020-01-18T19:01:09Z',","metadata":{"emulator":{"name":"functions"},"function":{"name":"getLeagues"},"message":"\u001b[90m> \u001b[39m     modified_at: '2020-01-18T19:01:09Z',"}}
[info] >      name: 'RLCS SA: Grand Series', {"user":"    name: 'RLCS SA: Grand Series',","metadata":{"emulator":{"name":"functions"},"function":{"name":"getLeagues"},"message":"\u001b[90m> \u001b[39m     name: 'RLCS SA: Grand Series',"}}
[info] >      series: [ [Object] ], {"user":"    series: [ [Object] ],","metadata":{"emulator":{"name":"functions"},"function":{"name":"getLeagues"},"message":"\u001b[90m> \u001b[39m     series: [ [Object] ],"}}
[info] >      slug: 'rl-south-america-grand-series', {"user":"    slug: 'rl-south-america-grand-series',","metadata":{"emulator":{"name":"functions"},"function":{"name":"getLeagues"},"message":"\u001b[90m> \u001b[39m     slug: 'rl-south-america-grand-series',"}}
[info] >      url: 'https://www.rocketstreet.gg/', {"user":"    url: 'https://www.rocketstreet.gg/',","metadata":{"emulator":{"name":"functions"},"function":{"name":"getLeagues"},"message":"\u001b[90m> \u001b[39m     url: 'https://www.rocketstreet.gg/',"}}
[info] >      videogame: { {"user":"    videogame: {","metadata":{"emulator":{"name":"functions"},"function":{"name":"getLeagues"},"message":"\u001b[90m> \u001b[39m     videogame: {"}}
[info] >        current_version: null, {"user":"      current_version: null,","metadata":{"emulator":{"name":"functions"},"function":{"name":"getLeagues"},"message":"\u001b[90m> \u001b[39m       current_version: null,"}}
[info] >        id: 22, {"user":"      id: 22,","metadata":{"emulator":{"name":"functions"},"function":{"name":"getLeagues"},"message":"\u001b[90m> \u001b[39m       id: 22,"}}
[info] >        name: 'Rocket League', {"user":"      name: 'Rocket League',","metadata":{"emulator":{"name":"functions"},"function":{"name":"getLeagues"},"message":"\u001b[90m> \u001b[39m       name: 'Rocket League',"}}
[info] >        slug: 'rl' {"user":"      slug: 'rl'","metadata":{"emulator":{"name":"functions"},"function":{"name":"getLeagues"},"message":"\u001b[90m> \u001b[39m       slug: 'rl'"}}
[info] >      } {"user":"    }","metadata":{"emulator":{"name":"functions"},"function":{"name":"getLeagues"},"message":"\u001b[90m> \u001b[39m     }"}}
[info] >    }, {"user":"  },","metadata":{"emulator":{"name":"functions"},"function":{"name":"getLeagues"},"message":"\u001b[90m> \u001b[39m   },"}}
[info] >    { {"user":"  {","metadata":{"emulator":{"name":"functions"},"function":{"name":"getLeagues"},"message":"\u001b[90m> \u001b[39m   {"}}
[info] >      id: 4262, {"user":"    id: 4262,","metadata":{"emulator":{"name":"functions"},"function":{"name":"getLeagues"},"message":"\u001b[90m> \u001b[39m     id: 4262,"}}
[info] >      image_url: 'https://cdn.pandascore.co/images/league/image/4262/600px-Rlcs.png', {"user":"    image_url: 'https://cdn.pandascore.co/images/league/image/4262/600px-Rlcs.png',","metadata":{"emulator":{"name":"functions"},"function":{"name":"getLeagues"},"message":"\u001b[90m> \u001b[39m     image_url: 'https://cdn.pandascore.co/images/league/image/4262/600px-Rlcs.png',"}}
[info] >      modified_at: '2019-12-09T14:30:28Z', {"user":"    modified_at: '2019-12-09T14:30:28Z',","metadata":{"emulator":{"name":"functions"},"function":{"name":"getLeagues"},"message":"\u001b[90m> \u001b[39m     modified_at: '2019-12-09T14:30:28Z',"}}
[info] >      name: 'RLCS Finals', {"user":"    name: 'RLCS Finals',","metadata":{"emulator":{"name":"functions"},"function":{"name":"getLeagues"},"message":"\u001b[90m> \u001b[39m     name: 'RLCS Finals',"}}
[info] >      series: [ [Object] ], {"user":"    series: [ [Object] ],","metadata":{"emulator":{"name":"functions"},"function":{"name":"getLeagues"},"message":"\u001b[90m> \u001b[39m     series: [ [Object] ],"}}
[info] >      slug: 'rl-rlcs-finals', {"user":"    slug: 'rl-rlcs-finals',","metadata":{"emulator":{"name":"functions"},"function":{"name":"getLeagues"},"message":"\u001b[90m> \u001b[39m     slug: 'rl-rlcs-finals',"}}
[info] >      url: 'https://www.rocketleagueesports.com/', {"user":"    url: 'https://www.rocketleagueesports.com/',","metadata":{"emulator":{"name":"functions"},"function":{"name":"getLeagues"},"message":"\u001b[90m> \u001b[39m     url: 'https://www.rocketleagueesports.com/',"}}
[info] >      videogame: { {"user":"    videogame: {","metadata":{"emulator":{"name":"functions"},"function":{"name":"getLeagues"},"message":"\u001b[90m> \u001b[39m     videogame: {"}}
[info] >        current_version: null, {"user":"      current_version: null,","metadata":{"emulator":{"name":"functions"},"function":{"name":"getLeagues"},"message":"\u001b[90m> \u001b[39m       current_version: null,"}}
[info] >        id: 22, {"user":"      id: 22,","metadata":{"emulator":{"name":"functions"},"function":{"name":"getLeagues"},"message":"\u001b[90m> \u001b[39m       id: 22,"}}
[info] >        name: 'Rocket League', {"user":"      name: 'Rocket League',","metadata":{"emulator":{"name":"functions"},"function":{"name":"getLeagues"},"message":"\u001b[90m> \u001b[39m       name: 'Rocket League',"}}
[info] >        slug: 'rl' {"user":"      slug: 'rl'","metadata":{"emulator":{"name":"functions"},"function":{"name":"getLeagues"},"message":"\u001b[90m> \u001b[39m       slug: 'rl'"}}
[info] >      } {"user":"    }","metadata":{"emulator":{"name":"functions"},"function":{"name":"getLeagues"},"message":"\u001b[90m> \u001b[39m     }"}}
[info] >    }, {"user":"  },","metadata":{"emulator":{"name":"functions"},"function":{"name":"getLeagues"},"message":"\u001b[90m> \u001b[39m   },"}}
[info] >    { {"user":"  {","metadata":{"emulator":{"name":"functions"},"function":{"name":"getLeagues"},"message":"\u001b[90m> \u001b[39m   {"}}
[info] >      id: 4246, {"user":"    id: 4246,","metadata":{"emulator":{"name":"functions"},"function":{"name":"getLeagues"},"message":"\u001b[90m> \u001b[39m     id: 4246,"}}
[info] >      image_url: 'https://cdn.pandascore.co/images/league/image/4246/600px-Rlcs.png', {"user":"    image_url: 'https://cdn.pandascore.co/images/league/image/4246/600px-Rlcs.png',","metadata":{"emulator":{"name":"functions"},"function":{"name":"getLeagues"},"message":"\u001b[90m> \u001b[39m     image_url: 'https://cdn.pandascore.co/images/league/image/4246/600px-Rlcs.png',"}}
[info] >      modified_at: '2020-04-17T16:36:07Z', {"user":"    modified_at: '2020-04-17T16:36:07Z',","metadata":{"emulator":{"name":"functions"},"function":{"name":"getLeagues"},"message":"\u001b[90m> \u001b[39m     modified_at: '2020-04-17T16:36:07Z',"}}
[info] >      name: 'RLCS EU', {"user":"    name: 'RLCS EU',","metadata":{"emulator":{"name":"functions"},"function":{"name":"getLeagues"},"message":"\u001b[90m> \u001b[39m     name: 'RLCS EU',"}}
[info] >      series: [ {"user":"    series: [","metadata":{"emulator":{"name":"functions"},"function":{"name":"getLeagues"},"message":"\u001b[90m> \u001b[39m     series: ["}}
[info] >        [Object], [Object], [Object], {"user":"      [Object], [Object], [Object],","metadata":{"emulator":{"name":"functions"},"function":{"name":"getLeagues"},"message":"\u001b[90m> \u001b[39m       [Object], [Object], [Object],"}}
[info] >        [Object], [Object], [Object], {"user":"      [Object], [Object], [Object],","metadata":{"emulator":{"name":"functions"},"function":{"name":"getLeagues"},"message":"\u001b[90m> \u001b[39m       [Object], [Object], [Object],"}}
[info] >        [Object], [Object], [Object], {"user":"      [Object], [Object], [Object],","metadata":{"emulator":{"name":"functions"},"function":{"name":"getLeagues"},"message":"\u001b[90m> \u001b[39m       [Object], [Object], [Object],"}}
[info] >        [Object], [Object], [Object], {"user":"      [Object], [Object], [Object],","metadata":{"emulator":{"name":"functions"},"function":{"name":"getLeagues"},"message":"\u001b[90m> \u001b[39m       [Object], [Object], [Object],"}}
[info] >        [Object], [Object], [Object], {"user":"      [Object], [Object], [Object],","metadata":{"emulator":{"name":"functions"},"function":{"name":"getLeagues"},"message":"\u001b[90m> \u001b[39m       [Object], [Object], [Object],"}}
[info] >        [Object], [Object], [Object], {"user":"      [Object], [Object], [Object],","metadata":{"emulator":{"name":"functions"},"function":{"name":"getLeagues"},"message":"\u001b[90m> \u001b[39m       [Object], [Object], [Object],"}}
[info] >        [Object], [Object], [Object], {"user":"      [Object], [Object], [Object],","metadata":{"emulator":{"name":"functions"},"function":{"name":"getLeagues"},"message":"\u001b[90m> \u001b[39m       [Object], [Object], [Object],"}}
[info] >        [Object], [Object], [Object], {"user":"      [Object], [Object], [Object],","metadata":{"emulator":{"name":"functions"},"function":{"name":"getLeagues"},"message":"\u001b[90m> \u001b[39m       [Object], [Object], [Object],"}}
[info] >        [Object] {"user":"      [Object]","metadata":{"emulator":{"name":"functions"},"function":{"name":"getLeagues"},"message":"\u001b[90m> \u001b[39m       [Object]"}}
[info] >      ], {"user":"    ],","metadata":{"emulator":{"name":"functions"},"function":{"name":"getLeagues"},"message":"\u001b[90m> \u001b[39m     ],"}}
[info] >      slug: 'rl-eu-rlcs', {"user":"    slug: 'rl-eu-rlcs',","metadata":{"emulator":{"name":"functions"},"function":{"name":"getLeagues"},"message":"\u001b[90m> \u001b[39m     slug: 'rl-eu-rlcs',"}}
[info] >      url: 'https://www.rocketleagueesports.com/', {"user":"    url: 'https://www.rocketleagueesports.com/',","metadata":{"emulator":{"name":"functions"},"function":{"name":"getLeagues"},"message":"\u001b[90m> \u001b[39m     url: 'https://www.rocketleagueesports.com/',"}}
[info] >      videogame: { {"user":"    videogame: {","metadata":{"emulator":{"name":"functions"},"function":{"name":"getLeagues"},"message":"\u001b[90m> \u001b[39m     videogame: {"}}
[info] >        current_version: null, {"user":"      current_version: null,","metadata":{"emulator":{"name":"functions"},"function":{"name":"getLeagues"},"message":"\u001b[90m> \u001b[39m       current_version: null,"}}
[info] >        id: 22, {"user":"      id: 22,","metadata":{"emulator":{"name":"functions"},"function":{"name":"getLeagues"},"message":"\u001b[90m> \u001b[39m       id: 22,"}}
[info] >        name: 'Rocket League', {"user":"      name: 'Rocket League',","metadata":{"emulator":{"name":"functions"},"function":{"name":"getLeagues"},"message":"\u001b[90m> \u001b[39m       name: 'Rocket League',"}}
[info] >        slug: 'rl' {"user":"      slug: 'rl'","metadata":{"emulator":{"name":"functions"},"function":{"name":"getLeagues"},"message":"\u001b[90m> \u001b[39m       slug: 'rl'"}}
[info] >      } {"user":"    }","metadata":{"emulator":{"name":"functions"},"function":{"name":"getLeagues"},"message":"\u001b[90m> \u001b[39m     }"}}
[info] >    }, {"user":"  },","metadata":{"emulator":{"name":"functions"},"function":{"name":"getLeagues"},"message":"\u001b[90m> \u001b[39m   },"}}
[info] >    { {"user":"  {","metadata":{"emulator":{"name":"functions"},"function":{"name":"getLeagues"},"message":"\u001b[90m> \u001b[39m   {"}}
[info] >      id: 4245, {"user":"    id: 4245,","metadata":{"emulator":{"name":"functions"},"function":{"name":"getLeagues"},"message":"\u001b[90m> \u001b[39m     id: 4245,"}}
[info] >      image_url: 'https://cdn.pandascore.co/images/league/image/4245/600px-Rlcs.png', {"user":"    image_url: 'https://cdn.pandascore.co/images/league/image/4245/600px-Rlcs.png',","metadata":{"emulator":{"name":"functions"},"function":{"name":"getLeagues"},"message":"\u001b[90m> \u001b[39m     image_url: 'https://cdn.pandascore.co/images/league/image/4245/600px-Rlcs.png',"}}
[info] >      modified_at: '2020-04-17T16:36:20Z', {"user":"    modified_at: '2020-04-17T16:36:20Z',","metadata":{"emulator":{"name":"functions"},"function":{"name":"getLeagues"},"message":"\u001b[90m> \u001b[39m     modified_at: '2020-04-17T16:36:20Z',"}}
[info] >      name: 'RLCS NA', {"user":"    name: 'RLCS NA',","metadata":{"emulator":{"name":"functions"},"function":{"name":"getLeagues"},"message":"\u001b[90m> \u001b[39m     name: 'RLCS NA',"}}
[info] >      series: [ {"user":"    series: [","metadata":{"emulator":{"name":"functions"},"function":{"name":"getLeagues"},"message":"\u001b[90m> \u001b[39m     series: ["}}
[info] >        [Object], [Object], [Object], {"user":"      [Object], [Object], [Object],","metadata":{"emulator":{"name":"functions"},"function":{"name":"getLeagues"},"message":"\u001b[90m> \u001b[39m       [Object], [Object], [Object],"}}
[info] >        [Object], [Object], [Object], {"user":"      [Object], [Object], [Object],","metadata":{"emulator":{"name":"functions"},"function":{"name":"getLeagues"},"message":"\u001b[90m> \u001b[39m       [Object], [Object], [Object],"}}
[info] >        [Object], [Object], [Object], {"user":"      [Object], [Object], [Object],","metadata":{"emulator":{"name":"functions"},"function":{"name":"getLeagues"},"message":"\u001b[90m> \u001b[39m       [Object], [Object], [Object],"}}
[info] >        [Object], [Object], [Object], {"user":"      [Object], [Object], [Object],","metadata":{"emulator":{"name":"functions"},"function":{"name":"getLeagues"},"message":"\u001b[90m> \u001b[39m       [Object], [Object], [Object],"}}
[info] >        [Object], [Object], [Object], {"user":"      [Object], [Object], [Object],","metadata":{"emulator":{"name":"functions"},"function":{"name":"getLeagues"},"message":"\u001b[90m> \u001b[39m       [Object], [Object], [Object],"}}
[info] >        [Object], [Object], [Object], {"user":"      [Object], [Object], [Object],","metadata":{"emulator":{"name":"functions"},"function":{"name":"getLeagues"},"message":"\u001b[90m> \u001b[39m       [Object], [Object], [Object],"}}
[info] >        [Object], [Object], [Object], {"user":"      [Object], [Object], [Object],","metadata":{"emulator":{"name":"functions"},"function":{"name":"getLeagues"},"message":"\u001b[90m> \u001b[39m       [Object], [Object], [Object],"}}
[info] >        [Object], [Object], [Object] {"user":"      [Object], [Object], [Object]","metadata":{"emulator":{"name":"functions"},"function":{"name":"getLeagues"},"message":"\u001b[90m> \u001b[39m       [Object], [Object], [Object]"}}
[info] >      ], {"user":"    ],","metadata":{"emulator":{"name":"functions"},"function":{"name":"getLeagues"},"message":"\u001b[90m> \u001b[39m     ],"}}
[info] >      slug: 'rl-na-rlcs', {"user":"    slug: 'rl-na-rlcs',","metadata":{"emulator":{"name":"functions"},"function":{"name":"getLeagues"},"message":"\u001b[90m> \u001b[39m     slug: 'rl-na-rlcs',"}}
[info] >      url: 'https://www.rocketleagueesports.com/', {"user":"    url: 'https://www.rocketleagueesports.com/',","metadata":{"emulator":{"name":"functions"},"function":{"name":"getLeagues"},"message":"\u001b[90m> \u001b[39m     url: 'https://www.rocketleagueesports.com/',"}}
[info] >      videogame: { {"user":"    videogame: {","metadata":{"emulator":{"name":"functions"},"function":{"name":"getLeagues"},"message":"\u001b[90m> \u001b[39m     videogame: {"}}
[info] >        current_version: null, {"user":"      current_version: null,","metadata":{"emulator":{"name":"functions"},"function":{"name":"getLeagues"},"message":"\u001b[90m> \u001b[39m       current_version: null,"}}
[info] >        id: 22, {"user":"      id: 22,","metadata":{"emulator":{"name":"functions"},"function":{"name":"getLeagues"},"message":"\u001b[90m> \u001b[39m       id: 22,"}}
[info] >        name: 'Rocket League', {"user":"      name: 'Rocket League',","metadata":{"emulator":{"name":"functions"},"function":{"name":"getLeagues"},"message":"\u001b[90m> \u001b[39m       name: 'Rocket League',"}}
[info] >        slug: 'rl' {"user":"      slug: 'rl'","metadata":{"emulator":{"name":"functions"},"function":{"name":"getLeagues"},"message":"\u001b[90m> \u001b[39m       slug: 'rl'"}}
[info] >      } {"user":"    }","metadata":{"emulator":{"name":"functions"},"function":{"name":"getLeagues"},"message":"\u001b[90m> \u001b[39m     }"}}
[info] >    } {"user":"  }","metadata":{"emulator":{"name":"functions"},"function":{"name":"getLeagues"},"message":"\u001b[90m> \u001b[39m   }"}}
[info] >  ] {"user":"]","metadata":{"emulator":{"name":"functions"},"function":{"name":"getLeagues"},"message":"\u001b[90m> \u001b[39m ]"}}
[debug] [2021-03-14T01:18:28.763Z] [runtime-status] [6381] Ephemeral server survived. {"metadata":{"emulator":{"name":"functions"},"function":{"name":"getLeagues"},"message":"[runtime-status] [6381] Ephemeral server survived."}}
[info] i  functions: Finished "getLeagues" in ~2s {"metadata":{"emulator":{"name":"functions"},"function":{"name":"getLeagues"},"message":"Finished \"getLeagues\" in ~2s"}}
[debug] [2021-03-14T01:18:28.765Z] [worker-getLeagues-96ef0f61-0cba-40c6-bae9-d589724bf3b7]: IDLE {"metadata":{"emulator":{"name":"functions"},"message":"[worker-getLeagues-96ef0f61-0cba-40c6-bae9-d589724bf3b7]: IDLE"}}
[debug] [2021-03-14T01:18:28.766Z] [work-queue] {"queueLength":0,"workRunningCount":0}
